TN:
SF:/home/liyu/Desktop/SANGFOR/fengyu/employee_manager/test/unit_test/test_emmgr.cpp
FN:21,_ZN39Test_EmployeeMgr_test_employee_mgr_TestD2Ev
FN:21,_ZN39Test_EmployeeMgr_test_employee_mgr_TestD0Ev
FN:21,_ZN39Test_EmployeeMgr_test_employee_mgr_Test8TestBodyEv
FN:21,_ZN39Test_EmployeeMgr_test_employee_mgr_TestC2Ev
FN:36,_Z41__static_initialization_and_destruction_0ii
FN:36,_GLOBAL__sub_I__ZN39Test_EmployeeMgr_test_employee_mgr_Test10test_info_E
FNDA:1,_ZN39Test_EmployeeMgr_test_employee_mgr_TestC2Ev
FNDA:1,_ZN39Test_EmployeeMgr_test_employee_mgr_TestD0Ev
FNDA:1,_ZN39Test_EmployeeMgr_test_employee_mgr_TestD2Ev
FNDA:1,_ZN39Test_EmployeeMgr_test_employee_mgr_Test8TestBodyEv
FNDA:1,_GLOBAL__sub_I__ZN39Test_EmployeeMgr_test_employee_mgr_Test10test_info_E
FNDA:1,_Z41__static_initialization_and_destruction_0ii
FNF:6
FNH:6
DA:21,5
DA:23,1
DA:26,1
DA:32,1
DA:35,1
DA:36,3
LF:6
LH:6
end_of_record
SF:/usr/include/c++/5/bits/ios_base.h
FN:129,_ZStorSt13_Ios_OpenmodeS_
FNDA:83,_ZStorSt13_Ios_OpenmodeS_
FNF:1
FNH:1
DA:129,83
DA:130,83
LF:2
LH:2
end_of_record
SF:/usr/include/c++/5/bits/unique_ptr.h
FN:57,_ZNSt14default_deleteINSt7__cxx1112basic_stringIcSt11char_traitsIcESaIcEEEEC2Ev
FN:70,_ZNKSt14default_deleteINSt7__cxx1112basic_stringIcSt11char_traitsIcESaIcEEEEclEPS5_
FN:70,_ZNKSt14default_deleteINSt7__cxx1118basic_stringstreamIcSt11char_traitsIcESaIcEEEEclEPS5_
FN:157,_ZNSt10unique_ptrINSt7__cxx1112basic_stringIcSt11char_traitsIcESaIcEEESt14default_deleteIS5_EEC2Ev
FN:232,_ZNSt10unique_ptrINSt7__cxx1118basic_stringstreamIcSt11char_traitsIcESaIcEEESt14default_deleteIS5_EED2Ev
FN:232,_ZNSt10unique_ptrINSt7__cxx1112basic_stringIcSt11char_traitsIcESaIcEEESt14default_deleteIS5_EED2Ev
FN:296,_ZNKSt10unique_ptrINSt7__cxx1112basic_stringIcSt11char_traitsIcESaIcEEESt14default_deleteIS5_EEptEv
FN:304,_ZNKSt10unique_ptrINSt7__cxx1112basic_stringIcSt11char_traitsIcESaIcEEESt14default_deleteIS5_EE3getEv
FN:309,_ZNSt10unique_ptrINSt7__cxx1118basic_stringstreamIcSt11char_traitsIcESaIcEEESt14default_deleteIS5_EE11get_deleterEv
FN:309,_ZNSt10unique_ptrINSt7__cxx1112basic_stringIcSt11char_traitsIcESaIcEEESt14default_deleteIS5_EE11get_deleterEv
FNDA:0,_ZNSt14default_deleteINSt7__cxx1112basic_stringIcSt11char_traitsIcESaIcEEEEC2Ev
FNDA:0,_ZNKSt14default_deleteINSt7__cxx1112basic_stringIcSt11char_traitsIcESaIcEEEEclEPS5_
FNDA:0,_ZNKSt14default_deleteINSt7__cxx1118basic_stringstreamIcSt11char_traitsIcESaIcEEEEclEPS5_
FNDA:0,_ZNSt10unique_ptrINSt7__cxx1112basic_stringIcSt11char_traitsIcESaIcEEESt14default_deleteIS5_EEC2Ev
FNDA:0,_ZNSt10unique_ptrINSt7__cxx1112basic_stringIcSt11char_traitsIcESaIcEEESt14default_deleteIS5_EED2Ev
FNDA:0,_ZNSt10unique_ptrINSt7__cxx1118basic_stringstreamIcSt11char_traitsIcESaIcEEESt14default_deleteIS5_EED2Ev
FNDA:0,_ZNKSt10unique_ptrINSt7__cxx1112basic_stringIcSt11char_traitsIcESaIcEEESt14default_deleteIS5_EEptEv
FNDA:0,_ZNKSt10unique_ptrINSt7__cxx1112basic_stringIcSt11char_traitsIcESaIcEEESt14default_deleteIS5_EE3getEv
FNDA:0,_ZNSt10unique_ptrINSt7__cxx1112basic_stringIcSt11char_traitsIcESaIcEEESt14default_deleteIS5_EE11get_deleterEv
FNDA:0,_ZNSt10unique_ptrINSt7__cxx1118basic_stringstreamIcSt11char_traitsIcESaIcEEESt14default_deleteIS5_EE11get_deleterEv
FNF:10
FNH:0
DA:57,0
DA:70,0
DA:76,0
DA:77,0
DA:157,0
DA:158,0
DA:160,0
DA:232,0
DA:234,0
DA:235,0
DA:236,0
DA:237,0
DA:238,0
DA:296,0
DA:299,0
DA:304,0
DA:305,0
DA:309,0
DA:310,0
LF:19
LH:0
end_of_record
SF:/usr/include/c++/5/iostream
DA:74,1
LF:1
LH:1
end_of_record
SF:/usr/include/c++/5/tuple
FN:58,_ZNSt10_Head_baseILm1ESt14default_deleteINSt7__cxx1112basic_stringIcSt11char_traitsIcESaIcEEEELb1EEC2Ev
FN:95,_ZNSt10_Head_baseILm1ESt14default_deleteINSt7__cxx1112basic_stringIcSt11char_traitsIcESaIcEEEELb1EE7_M_headERS8_
FN:95,_ZNSt10_Head_baseILm1ESt14default_deleteINSt7__cxx1118basic_stringstreamIcSt11char_traitsIcESaIcEEEELb1EE7_M_headERS8_
FN:104,_ZNSt10_Head_baseILm0EPNSt7__cxx1112basic_stringIcSt11char_traitsIcESaIcEEELb0EEC2Ev
FN:142,_ZNSt10_Head_baseILm0EPNSt7__cxx1118basic_stringstreamIcSt11char_traitsIcESaIcEEELb0EE7_M_headERS7_
FN:142,_ZNSt10_Head_baseILm0EPNSt7__cxx1112basic_stringIcSt11char_traitsIcESaIcEEELb0EE7_M_headERS7_
FN:145,_ZNSt10_Head_baseILm0EPNSt7__cxx1112basic_stringIcSt11char_traitsIcESaIcEEELb0EE7_M_headERKS7_
FN:190,_ZNSt11_Tuple_implILm0EJPNSt7__cxx1118basic_stringstreamIcSt11char_traitsIcESaIcEEESt14default_deleteIS5_EEE7_M_headERS9_
FN:190,_ZNSt11_Tuple_implILm0EJPNSt7__cxx1112basic_stringIcSt11char_traitsIcESaIcEEESt14default_deleteIS5_EEE7_M_headERS9_
FN:193,_ZNSt11_Tuple_implILm0EJPNSt7__cxx1112basic_stringIcSt11char_traitsIcESaIcEEESt14default_deleteIS5_EEE7_M_headERKS9_
FN:201,_ZNSt11_Tuple_implILm0EJPNSt7__cxx1112basic_stringIcSt11char_traitsIcESaIcEEESt14default_deleteIS5_EEEC2Ev
FN:347,_ZNSt11_Tuple_implILm1EJSt14default_deleteINSt7__cxx1118basic_stringstreamIcSt11char_traitsIcESaIcEEEEEE7_M_headERS8_
FN:347,_ZNSt11_Tuple_implILm1EJSt14default_deleteINSt7__cxx1112basic_stringIcSt11char_traitsIcESaIcEEEEEE7_M_headERS8_
FN:352,_ZNSt11_Tuple_implILm1EJSt14default_deleteINSt7__cxx1112basic_stringIcSt11char_traitsIcESaIcEEEEEEC2Ev
FN:601,_ZNSt5tupleIJPNSt7__cxx1112basic_stringIcSt11char_traitsIcESaIcEEESt14default_deleteIS5_EEEC2Ev
FN:821,_ZSt12__get_helperILm0EPNSt7__cxx1112basic_stringIcSt11char_traitsIcESaIcEEEJSt14default_deleteIS5_EEERT0_RSt11_Tuple_implIXT_EJS9_DpT1_EE
FN:821,_ZSt12__get_helperILm0EPNSt7__cxx1118basic_stringstreamIcSt11char_traitsIcESaIcEEEJSt14default_deleteIS5_EEERT0_RSt11_Tuple_implIXT_EJS9_DpT1_EE
FN:821,_ZSt12__get_helperILm1ESt14default_deleteINSt7__cxx1112basic_stringIcSt11char_traitsIcESaIcEEEEJEERT0_RSt11_Tuple_implIXT_EJS8_DpT1_EE
FN:821,_ZSt12__get_helperILm1ESt14default_deleteINSt7__cxx1118basic_stringstreamIcSt11char_traitsIcESaIcEEEEJEERT0_RSt11_Tuple_implIXT_EJS8_DpT1_EE
FN:826,_ZSt12__get_helperILm0EPNSt7__cxx1112basic_stringIcSt11char_traitsIcESaIcEEEJSt14default_deleteIS5_EEERKT0_RKSt11_Tuple_implIXT_EJS9_DpT1_EE
FN:832,_ZSt3getILm1EJPNSt7__cxx1118basic_stringstreamIcSt11char_traitsIcESaIcEEESt14default_deleteIS5_EEERNSt13tuple_elementIXT_ESt5tupleIJDpT0_EEE4typeERSD_
FN:832,_ZSt3getILm0EJPNSt7__cxx1118basic_stringstreamIcSt11char_traitsIcESaIcEEESt14default_deleteIS5_EEERNSt13tuple_elementIXT_ESt5tupleIJDpT0_EEE4typeERSD_
FN:832,_ZSt3getILm0EJPNSt7__cxx1112basic_stringIcSt11char_traitsIcESaIcEEESt14default_deleteIS5_EEERNSt13tuple_elementIXT_ESt5tupleIJDpT0_EEE4typeERSD_
FN:832,_ZSt3getILm1EJPNSt7__cxx1112basic_stringIcSt11char_traitsIcESaIcEEESt14default_deleteIS5_EEERNSt13tuple_elementIXT_ESt5tupleIJDpT0_EEE4typeERSD_
FN:838,_ZSt3getILm0EJPNSt7__cxx1112basic_stringIcSt11char_traitsIcESaIcEEESt14default_deleteIS5_EEERKNSt13tuple_elementIXT_ESt5tupleIJDpT0_EEE4typeERKSD_
FNDA:0,_ZNSt10_Head_baseILm1ESt14default_deleteINSt7__cxx1112basic_stringIcSt11char_traitsIcESaIcEEEELb1EEC2Ev
FNDA:0,_ZNSt10_Head_baseILm1ESt14default_deleteINSt7__cxx1112basic_stringIcSt11char_traitsIcESaIcEEEELb1EE7_M_headERS8_
FNDA:0,_ZNSt10_Head_baseILm1ESt14default_deleteINSt7__cxx1118basic_stringstreamIcSt11char_traitsIcESaIcEEEELb1EE7_M_headERS8_
FNDA:0,_ZNSt10_Head_baseILm0EPNSt7__cxx1112basic_stringIcSt11char_traitsIcESaIcEEELb0EEC2Ev
FNDA:0,_ZNSt10_Head_baseILm0EPNSt7__cxx1112basic_stringIcSt11char_traitsIcESaIcEEELb0EE7_M_headERS7_
FNDA:0,_ZNSt10_Head_baseILm0EPNSt7__cxx1118basic_stringstreamIcSt11char_traitsIcESaIcEEELb0EE7_M_headERS7_
FNDA:0,_ZNSt10_Head_baseILm0EPNSt7__cxx1112basic_stringIcSt11char_traitsIcESaIcEEELb0EE7_M_headERKS7_
FNDA:0,_ZNSt11_Tuple_implILm0EJPNSt7__cxx1112basic_stringIcSt11char_traitsIcESaIcEEESt14default_deleteIS5_EEE7_M_headERS9_
FNDA:0,_ZNSt11_Tuple_implILm0EJPNSt7__cxx1118basic_stringstreamIcSt11char_traitsIcESaIcEEESt14default_deleteIS5_EEE7_M_headERS9_
FNDA:0,_ZNSt11_Tuple_implILm0EJPNSt7__cxx1112basic_stringIcSt11char_traitsIcESaIcEEESt14default_deleteIS5_EEE7_M_headERKS9_
FNDA:0,_ZNSt11_Tuple_implILm0EJPNSt7__cxx1112basic_stringIcSt11char_traitsIcESaIcEEESt14default_deleteIS5_EEEC2Ev
FNDA:0,_ZNSt11_Tuple_implILm1EJSt14default_deleteINSt7__cxx1112basic_stringIcSt11char_traitsIcESaIcEEEEEE7_M_headERS8_
FNDA:0,_ZNSt11_Tuple_implILm1EJSt14default_deleteINSt7__cxx1118basic_stringstreamIcSt11char_traitsIcESaIcEEEEEE7_M_headERS8_
FNDA:0,_ZNSt11_Tuple_implILm1EJSt14default_deleteINSt7__cxx1112basic_stringIcSt11char_traitsIcESaIcEEEEEEC2Ev
FNDA:0,_ZNSt5tupleIJPNSt7__cxx1112basic_stringIcSt11char_traitsIcESaIcEEESt14default_deleteIS5_EEEC2Ev
FNDA:0,_ZSt12__get_helperILm1ESt14default_deleteINSt7__cxx1112basic_stringIcSt11char_traitsIcESaIcEEEEJEERT0_RSt11_Tuple_implIXT_EJS8_DpT1_EE
FNDA:0,_ZSt12__get_helperILm1ESt14default_deleteINSt7__cxx1118basic_stringstreamIcSt11char_traitsIcESaIcEEEEJEERT0_RSt11_Tuple_implIXT_EJS8_DpT1_EE
FNDA:0,_ZSt12__get_helperILm0EPNSt7__cxx1112basic_stringIcSt11char_traitsIcESaIcEEEJSt14default_deleteIS5_EEERT0_RSt11_Tuple_implIXT_EJS9_DpT1_EE
FNDA:0,_ZSt12__get_helperILm0EPNSt7__cxx1118basic_stringstreamIcSt11char_traitsIcESaIcEEEJSt14default_deleteIS5_EEERT0_RSt11_Tuple_implIXT_EJS9_DpT1_EE
FNDA:0,_ZSt12__get_helperILm0EPNSt7__cxx1112basic_stringIcSt11char_traitsIcESaIcEEEJSt14default_deleteIS5_EEERKT0_RKSt11_Tuple_implIXT_EJS9_DpT1_EE
FNDA:0,_ZSt3getILm1EJPNSt7__cxx1112basic_stringIcSt11char_traitsIcESaIcEEESt14default_deleteIS5_EEERNSt13tuple_elementIXT_ESt5tupleIJDpT0_EEE4typeERSD_
FNDA:0,_ZSt3getILm1EJPNSt7__cxx1118basic_stringstreamIcSt11char_traitsIcESaIcEEESt14default_deleteIS5_EEERNSt13tuple_elementIXT_ESt5tupleIJDpT0_EEE4typeERSD_
FNDA:0,_ZSt3getILm0EJPNSt7__cxx1112basic_stringIcSt11char_traitsIcESaIcEEESt14default_deleteIS5_EEERNSt13tuple_elementIXT_ESt5tupleIJDpT0_EEE4typeERSD_
FNDA:0,_ZSt3getILm0EJPNSt7__cxx1118basic_stringstreamIcSt11char_traitsIcESaIcEEESt14default_deleteIS5_EEERNSt13tuple_elementIXT_ESt5tupleIJDpT0_EEE4typeERSD_
FNDA:0,_ZSt3getILm0EJPNSt7__cxx1112basic_stringIcSt11char_traitsIcESaIcEEESt14default_deleteIS5_EEERKNSt13tuple_elementIXT_ESt5tupleIJDpT0_EEE4typeERKSD_
FNF:25
FNH:0
DA:58,0
DA:59,0
DA:95,0
DA:104,0
DA:105,0
DA:142,0
DA:145,0
DA:190,0
DA:193,0
DA:201,0
DA:202,0
DA:347,0
DA:352,0
DA:353,0
DA:601,0
DA:602,0
DA:821,0
DA:822,0
DA:826,0
DA:827,0
DA:832,0
DA:833,0
DA:838,0
DA:839,0
LF:24
LH:0
end_of_record
SF:/usr/local/include/gtest/gtest-message.h
FN:91,_ZN7testing7MessageD2Ev
FNDA:0,_ZN7testing7MessageD2Ev
FNF:1
FNH:0
DA:91,0
LF:1
LH:0
end_of_record
SF:/usr/local/include/gtest/gtest-printers.h
FN:333,_ZN7testing8internal19FormatForComparisonIbbE6FormatERKb
FN:413,_ZN7testing8internal33FormatForComparisonFailureMessageIbbEENSt7__cxx1112basic_stringIcSt11char_traitsIcESaIcEEERKT_RKT0_
FN:459,_ZN7testing8internal7PrintToEbPSo
FN:682,_ZN7testing8internal16UniversalPrinterIbE5PrintERKbPSo
FN:864,_ZN7testing8internal21UniversalTersePrinterIbE5PrintERKbPSo
FN:976,_ZN7testing8internal14UniversalPrintIbEEvRKT_PSo
FN:1016,_ZN7testing13PrintToStringIbEENSt7__cxx1112basic_stringIcSt11char_traitsIcESaIcEEERKT_
FNDA:0,_ZN7testing8internal19FormatForComparisonIbbE6FormatERKb
FNDA:0,_ZN7testing8internal33FormatForComparisonFailureMessageIbbEENSt7__cxx1112basic_stringIcSt11char_traitsIcESaIcEEERKT_RKT0_
FNDA:0,_ZN7testing8internal7PrintToEbPSo
FNDA:0,_ZN7testing8internal16UniversalPrinterIbE5PrintERKbPSo
FNDA:0,_ZN7testing8internal21UniversalTersePrinterIbE5PrintERKbPSo
FNDA:0,_ZN7testing8internal14UniversalPrintIbEEvRKT_PSo
FNDA:0,_ZN7testing13PrintToStringIbEENSt7__cxx1112basic_stringIcSt11char_traitsIcESaIcEEERKT_
FNF:7
FNH:0
DA:333,0
DA:334,0
DA:413,0
DA:415,0
DA:459,0
DA:460,0
DA:461,0
DA:682,0
DA:691,0
DA:692,0
DA:864,0
DA:865,0
DA:866,0
DA:976,0
DA:980,0
DA:981,0
DA:1016,0
DA:1017,0
DA:1018,0
DA:1019,0
LF:20
LH:0
end_of_record
SF:/usr/local/include/gtest/gtest.h
FN:283,_ZN7testing15AssertionResultD2Ev
FN:305,_ZN7testing15AssertionResultC2IbEERKT_PNSt9enable_ifIXntsrSt14is_convertibleIS2_S0_E5valueEvE4typeE
FN:324,_ZNK7testing15AssertionResultcvbEv
FN:333,_ZNK7testing15AssertionResult7messageEv
FN:337,_ZNK7testing15AssertionResult15failure_messageEv
FN:427,_ZN7testing4Test14SetUpTestSuiteEv
FN:435,_ZN7testing4Test17TearDownTestSuiteEv
FN:440,_ZN7testing4Test16TearDownTestCaseEv
FN:441,_ZN7testing4Test13SetUpTestCaseEv
FN:522,_ZN7testing4Test5SetupEv
FN:1522,_ZN7testing8internal18CmpHelperEQFailureIbbEENS_15AssertionResultEPKcS4_RKT_RKT0_
FN:1541,_ZN7testing8internal11CmpHelperEQIbbEENS_15AssertionResultEPKcS4_RKT_RKT0_
FN:1561,_ZN7testing8internal8EqHelper7CompareIbbLPv0EEENS_15AssertionResultEPKcS6_RKT_RKT0_
FNDA:0,_ZN7testing15AssertionResultD2Ev
FNDA:0,_ZN7testing15AssertionResultC2IbEERKT_PNSt9enable_ifIXntsrSt14is_convertibleIS2_S0_E5valueEvE4typeE
FNDA:0,_ZNK7testing15AssertionResultcvbEv
FNDA:0,_ZNK7testing15AssertionResult7messageEv
FNDA:0,_ZNK7testing15AssertionResult15failure_messageEv
FNDA:0,_ZN7testing4Test14SetUpTestSuiteEv
FNDA:0,_ZN7testing4Test17TearDownTestSuiteEv
FNDA:0,_ZN7testing4Test16TearDownTestCaseEv
FNDA:0,_ZN7testing4Test13SetUpTestCaseEv
FNDA:0,_ZN7testing4Test5SetupEv
FNDA:0,_ZN7testing8internal18CmpHelperEQFailureIbbEENS_15AssertionResultEPKcS4_RKT_RKT0_
FNDA:4,_ZN7testing8internal11CmpHelperEQIbbEENS_15AssertionResultEPKcS4_RKT_RKT0_
FNDA:4,_ZN7testing8internal8EqHelper7CompareIbbLPv0EEENS_15AssertionResultEPKcS6_RKT_RKT0_
FNF:13
FNH:2
DA:283,0
DA:305,0
DA:311,0
DA:324,0
DA:333,0
DA:334,0
DA:337,0
DA:427,0
DA:435,0
DA:440,0
DA:441,0
DA:522,0
DA:1522,0
DA:1529,0
DA:1541,4
DA:1545,4
DA:1546,4
DA:1549,0
DA:1561,4
DA:1564,4
LF:20
LH:5
end_of_record
SF:/usr/local/include/gtest/internal/gtest-internal.h
FN:454,_ZN7testing8internal15TestFactoryBaseD2Ev
FN:454,_ZN7testing8internal15TestFactoryBaseD0Ev
FN:461,_ZN7testing8internal15TestFactoryBaseC2Ev
FN:470,_ZN7testing8internal15TestFactoryImplI39Test_EmployeeMgr_test_employee_mgr_TestEC2Ev
FN:470,_ZN7testing8internal15TestFactoryImplI39Test_EmployeeMgr_test_employee_mgr_TestED2Ev
FN:470,_ZN7testing8internal15TestFactoryImplI39Test_EmployeeMgr_test_employee_mgr_TestED0Ev
FN:472,_ZN7testing8internal15TestFactoryImplI39Test_EmployeeMgr_test_employee_mgr_TestE10CreateTestEv
FN:492,_ZN7testing8internal12CodeLocationD2Ev
FN:493,_ZN7testing8internal12CodeLocationC2ERKNSt7__cxx1112basic_stringIcSt11char_traitsIcESaIcEEEi
FN:506,_ZN7testing8internal19GetNotDefaultOrNullEPFvvES2_
FN:521,_ZN7testing8internal16SuiteApiResolverINS_4TestEE19GetSetUpCaseOrSuiteEPKci
FN:542,_ZN7testing8internal16SuiteApiResolverINS_4TestEE22GetTearDownCaseOrSuiteEPKci
FNDA:0,_ZN7testing8internal15TestFactoryBaseD0Ev
FNDA:0,_ZN7testing8internal15TestFactoryBaseD2Ev
FNDA:0,_ZN7testing8internal15TestFactoryBaseC2Ev
FNDA:0,_ZN7testing8internal15TestFactoryImplI39Test_EmployeeMgr_test_employee_mgr_TestED0Ev
FNDA:0,_ZN7testing8internal15TestFactoryImplI39Test_EmployeeMgr_test_employee_mgr_TestED2Ev
FNDA:1,_ZN7testing8internal15TestFactoryImplI39Test_EmployeeMgr_test_employee_mgr_TestEC2Ev
FNDA:1,_ZN7testing8internal15TestFactoryImplI39Test_EmployeeMgr_test_employee_mgr_TestE10CreateTestEv
FNDA:0,_ZN7testing8internal12CodeLocationD2Ev
FNDA:0,_ZN7testing8internal12CodeLocationC2ERKNSt7__cxx1112basic_stringIcSt11char_traitsIcESaIcEEEi
FNDA:0,_ZN7testing8internal19GetNotDefaultOrNullEPFvvES2_
FNDA:8,_ZN7testing8internal16SuiteApiResolverINS_4TestEE19GetSetUpCaseOrSuiteEPKci
FNDA:8,_ZN7testing8internal16SuiteApiResolverINS_4TestEE22GetTearDownCaseOrSuiteEPKci
FNF:12
FNH:4
DA:454,0
DA:461,0
DA:470,1
DA:472,1
DA:492,0
DA:493,0
DA:494,0
DA:506,0
DA:508,0
DA:521,8
DA:525,8
DA:527,8
DA:529,8
DA:530,0
DA:532,0
DA:534,8
DA:542,8
DA:546,8
DA:548,8
DA:550,8
DA:551,0
DA:553,0
DA:555,8
LF:23
LH:12
end_of_record
SF:/usr/local/include/gtest/internal/gtest-port.h
FN:974,_ZN7testing8internal8GTestLog9GetStreamEv
FNDA:0,_ZN7testing8internal8GTestLog9GetStreamEv
FNF:1
FNH:0
DA:974,0
LF:1
LH:0
end_of_record
TN:
SF:/home/liyu/Desktop/SANGFOR/fengyu/employee_manager/test/unit_test/test_hash.cpp
FN:27,_Z19test_update_int_cbkPvPKv
FN:39,_Z20test_compare_int_cbkPKvS0_
FN:52,_Z22test_update_struct_cbkPvPKv
FN:66,_Z23test_compare_struct_cbkPKvS0_
FN:81,_ZN38TEST_HASH_CREATE_test_hash_create_TestC2Ev
FN:81,_ZN38TEST_HASH_CREATE_test_hash_create_TestD2Ev
FN:81,_ZN38TEST_HASH_CREATE_test_hash_create_Test8TestBodyEv
FN:81,_ZN38TEST_HASH_CREATE_test_hash_create_TestD0Ev
FN:96,_ZN38TEST_HASH_INSERT_test_hash_insert_Test8TestBodyEv
FN:96,_ZN38TEST_HASH_INSERT_test_hash_insert_TestC2Ev
FN:96,_ZN38TEST_HASH_INSERT_test_hash_insert_TestD2Ev
FN:96,_ZN38TEST_HASH_INSERT_test_hash_insert_TestD0Ev
FN:145,_ZN38TEST_HASH_DELETE_test_hash_delete_TestD2Ev
FN:145,_ZN38TEST_HASH_DELETE_test_hash_delete_Test8TestBodyEv
FN:145,_ZN38TEST_HASH_DELETE_test_hash_delete_TestC2Ev
FN:145,_ZN38TEST_HASH_DELETE_test_hash_delete_TestD0Ev
FN:166,_ZN38TEST_HASH_UPDATE_test_hash_update_TestD2Ev
FN:166,_ZN38TEST_HASH_UPDATE_test_hash_update_TestD0Ev
FN:166,_ZN38TEST_HASH_UPDATE_test_hash_update_Test8TestBodyEv
FN:166,_ZN38TEST_HASH_UPDATE_test_hash_update_TestC2Ev
FN:188,_ZN38TEST_HASH_SEARCH_test_hash_search_Test8TestBodyEv
FN:188,_ZN38TEST_HASH_SEARCH_test_hash_search_TestC2Ev
FN:188,_ZN38TEST_HASH_SEARCH_test_hash_search_TestD2Ev
FN:188,_ZN38TEST_HASH_SEARCH_test_hash_search_TestD0Ev
FN:215,_ZN42TEST_HASH_TRAVERSE_test_hash_traverse_Test8TestBodyEv
FN:215,_ZN42TEST_HASH_TRAVERSE_test_hash_traverse_TestC2Ev
FN:215,_ZN42TEST_HASH_TRAVERSE_test_hash_traverse_TestD2Ev
FN:215,_ZN42TEST_HASH_TRAVERSE_test_hash_traverse_TestD0Ev
FN:236,_ZN40TEST_HASH_DESTORY_test_hash_destory_TestC2Ev
FN:236,_ZN40TEST_HASH_DESTORY_test_hash_destory_TestD2Ev
FN:236,_ZN40TEST_HASH_DESTORY_test_hash_destory_Test8TestBodyEv
FN:236,_ZN40TEST_HASH_DESTORY_test_hash_destory_TestD0Ev
FN:252,_GLOBAL__sub_I__Z19test_update_int_cbkPvPKv
FN:252,_Z41__static_initialization_and_destruction_0ii
FNDA:4,_Z19test_update_int_cbkPvPKv
FNDA:0,_Z20test_compare_int_cbkPKvS0_
FNDA:28,_Z22test_update_struct_cbkPvPKv
FNDA:9,_Z23test_compare_struct_cbkPKvS0_
FNDA:1,_ZN38TEST_HASH_CREATE_test_hash_create_TestC2Ev
FNDA:1,_ZN38TEST_HASH_CREATE_test_hash_create_TestD0Ev
FNDA:1,_ZN38TEST_HASH_CREATE_test_hash_create_TestD2Ev
FNDA:1,_ZN38TEST_HASH_CREATE_test_hash_create_Test8TestBodyEv
FNDA:1,_ZN38TEST_HASH_INSERT_test_hash_insert_TestC2Ev
FNDA:1,_ZN38TEST_HASH_INSERT_test_hash_insert_TestD0Ev
FNDA:1,_ZN38TEST_HASH_INSERT_test_hash_insert_TestD2Ev
FNDA:1,_ZN38TEST_HASH_INSERT_test_hash_insert_Test8TestBodyEv
FNDA:1,_ZN38TEST_HASH_DELETE_test_hash_delete_TestC2Ev
FNDA:1,_ZN38TEST_HASH_DELETE_test_hash_delete_TestD0Ev
FNDA:1,_ZN38TEST_HASH_DELETE_test_hash_delete_TestD2Ev
FNDA:1,_ZN38TEST_HASH_DELETE_test_hash_delete_Test8TestBodyEv
FNDA:1,_ZN38TEST_HASH_UPDATE_test_hash_update_TestC2Ev
FNDA:1,_ZN38TEST_HASH_UPDATE_test_hash_update_TestD0Ev
FNDA:1,_ZN38TEST_HASH_UPDATE_test_hash_update_TestD2Ev
FNDA:1,_ZN38TEST_HASH_UPDATE_test_hash_update_Test8TestBodyEv
FNDA:1,_ZN38TEST_HASH_SEARCH_test_hash_search_TestC2Ev
FNDA:1,_ZN38TEST_HASH_SEARCH_test_hash_search_TestD0Ev
FNDA:1,_ZN38TEST_HASH_SEARCH_test_hash_search_TestD2Ev
FNDA:1,_ZN38TEST_HASH_SEARCH_test_hash_search_Test8TestBodyEv
FNDA:1,_ZN42TEST_HASH_TRAVERSE_test_hash_traverse_TestC2Ev
FNDA:1,_ZN42TEST_HASH_TRAVERSE_test_hash_traverse_TestD0Ev
FNDA:1,_ZN42TEST_HASH_TRAVERSE_test_hash_traverse_TestD2Ev
FNDA:1,_ZN42TEST_HASH_TRAVERSE_test_hash_traverse_Test8TestBodyEv
FNDA:1,_ZN40TEST_HASH_DESTORY_test_hash_destory_TestC2Ev
FNDA:1,_ZN40TEST_HASH_DESTORY_test_hash_destory_TestD0Ev
FNDA:1,_ZN40TEST_HASH_DESTORY_test_hash_destory_TestD2Ev
FNDA:1,_ZN40TEST_HASH_DESTORY_test_hash_destory_Test8TestBodyEv
FNDA:1,_GLOBAL__sub_I__Z19test_update_int_cbkPvPKv
FNDA:1,_Z41__static_initialization_and_destruction_0ii
FNF:34
FNH:33
DA:27,4
DA:29,4
DA:30,0
DA:33,4
DA:34,4
DA:36,4
DA:39,0
DA:41,0
DA:42,0
DA:45,0
DA:46,0
DA:49,0
DA:52,28
DA:54,28
DA:55,0
DA:58,28
DA:59,28
DA:61,28
DA:62,28
DA:63,28
DA:66,9
DA:68,9
DA:69,5
DA:72,4
DA:73,0
DA:76,4
DA:77,4
DA:78,4
DA:81,5
DA:84,1
DA:87,1
DA:90,1
DA:93,1
DA:94,1
DA:96,5
DA:99,1
DA:100,1
DA:103,1
DA:106,1
DA:109,1
DA:110,1
DA:113,1
DA:116,1
DA:119,1
DA:122,1
DA:123,1
DA:126,1
DA:129,1
DA:132,1
DA:133,1
DA:136,1
DA:139,1
DA:142,1
DA:143,1
DA:145,5
DA:148,1
DA:149,1
DA:152,1
DA:153,1
DA:154,1
DA:155,1
DA:158,1
DA:159,1
DA:160,1
DA:161,1
DA:162,1
DA:163,1
DA:164,1
DA:166,5
DA:169,1
DA:170,1
DA:173,1
DA:174,1
DA:175,1
DA:176,1
DA:179,1
DA:180,1
DA:181,1
DA:182,1
DA:183,1
DA:184,1
DA:185,1
DA:186,1
DA:188,5
DA:191,1
DA:192,1
DA:193,1
DA:196,1
DA:197,1
DA:198,1
DA:199,1
DA:202,1
DA:203,1
DA:204,1
DA:205,1
DA:206,1
DA:207,1
DA:208,1
DA:209,1
DA:210,1
DA:211,1
DA:212,1
DA:215,5
DA:218,1
DA:219,1
DA:220,1
DA:221,1
DA:224,1
DA:225,1
DA:226,1
DA:227,1
DA:230,1
DA:231,1
DA:232,1
DA:233,1
DA:236,5
DA:239,1
DA:240,1
DA:241,1
DA:244,1
DA:245,1
DA:246,1
DA:247,1
DA:250,1
DA:251,1
DA:252,4
LF:126
LH:117
end_of_record
SF:/usr/include/c++/5/bits/ios_base.h
FN:129,_ZStorSt13_Ios_OpenmodeS_
FNDA:0,_ZStorSt13_Ios_OpenmodeS_
FNF:1
FNH:0
DA:129,0
DA:130,0
LF:2
LH:0
end_of_record
SF:/usr/include/c++/5/bits/unique_ptr.h
FN:57,_ZNSt14default_deleteINSt7__cxx1112basic_stringIcSt11char_traitsIcESaIcEEEEC2Ev
FN:70,_ZNKSt14default_deleteINSt7__cxx1118basic_stringstreamIcSt11char_traitsIcESaIcEEEEclEPS5_
FN:70,_ZNKSt14default_deleteINSt7__cxx1112basic_stringIcSt11char_traitsIcESaIcEEEEclEPS5_
FN:157,_ZNSt10unique_ptrINSt7__cxx1112basic_stringIcSt11char_traitsIcESaIcEEESt14default_deleteIS5_EEC2Ev
FN:232,_ZNSt10unique_ptrINSt7__cxx1112basic_stringIcSt11char_traitsIcESaIcEEESt14default_deleteIS5_EED2Ev
FN:232,_ZNSt10unique_ptrINSt7__cxx1118basic_stringstreamIcSt11char_traitsIcESaIcEEESt14default_deleteIS5_EED2Ev
FN:296,_ZNKSt10unique_ptrINSt7__cxx1112basic_stringIcSt11char_traitsIcESaIcEEESt14default_deleteIS5_EEptEv
FN:304,_ZNKSt10unique_ptrINSt7__cxx1112basic_stringIcSt11char_traitsIcESaIcEEESt14default_deleteIS5_EE3getEv
FN:309,_ZNSt10unique_ptrINSt7__cxx1112basic_stringIcSt11char_traitsIcESaIcEEESt14default_deleteIS5_EE11get_deleterEv
FN:309,_ZNSt10unique_ptrINSt7__cxx1118basic_stringstreamIcSt11char_traitsIcESaIcEEESt14default_deleteIS5_EE11get_deleterEv
FNDA:0,_ZNSt14default_deleteINSt7__cxx1112basic_stringIcSt11char_traitsIcESaIcEEEEC2Ev
FNDA:0,_ZNKSt14default_deleteINSt7__cxx1112basic_stringIcSt11char_traitsIcESaIcEEEEclEPS5_
FNDA:0,_ZNKSt14default_deleteINSt7__cxx1118basic_stringstreamIcSt11char_traitsIcESaIcEEEEclEPS5_
FNDA:0,_ZNSt10unique_ptrINSt7__cxx1112basic_stringIcSt11char_traitsIcESaIcEEESt14default_deleteIS5_EEC2Ev
FNDA:0,_ZNSt10unique_ptrINSt7__cxx1112basic_stringIcSt11char_traitsIcESaIcEEESt14default_deleteIS5_EED2Ev
FNDA:0,_ZNSt10unique_ptrINSt7__cxx1118basic_stringstreamIcSt11char_traitsIcESaIcEEESt14default_deleteIS5_EED2Ev
FNDA:0,_ZNKSt10unique_ptrINSt7__cxx1112basic_stringIcSt11char_traitsIcESaIcEEESt14default_deleteIS5_EEptEv
FNDA:0,_ZNKSt10unique_ptrINSt7__cxx1112basic_stringIcSt11char_traitsIcESaIcEEESt14default_deleteIS5_EE3getEv
FNDA:0,_ZNSt10unique_ptrINSt7__cxx1112basic_stringIcSt11char_traitsIcESaIcEEESt14default_deleteIS5_EE11get_deleterEv
FNDA:0,_ZNSt10unique_ptrINSt7__cxx1118basic_stringstreamIcSt11char_traitsIcESaIcEEESt14default_deleteIS5_EE11get_deleterEv
FNF:10
FNH:0
DA:57,0
DA:70,0
DA:76,0
DA:77,0
DA:157,0
DA:158,0
DA:160,0
DA:232,0
DA:234,0
DA:235,0
DA:236,0
DA:237,0
DA:238,0
DA:296,0
DA:299,0
DA:304,0
DA:305,0
DA:309,0
DA:310,0
LF:19
LH:0
end_of_record
SF:/usr/include/c++/5/iostream
DA:74,1
LF:1
LH:1
end_of_record
SF:/usr/include/c++/5/tuple
FN:58,_ZNSt10_Head_baseILm1ESt14default_deleteINSt7__cxx1112basic_stringIcSt11char_traitsIcESaIcEEEELb1EEC2Ev
FN:95,_ZNSt10_Head_baseILm1ESt14default_deleteINSt7__cxx1112basic_stringIcSt11char_traitsIcESaIcEEEELb1EE7_M_headERS8_
FN:95,_ZNSt10_Head_baseILm1ESt14default_deleteINSt7__cxx1118basic_stringstreamIcSt11char_traitsIcESaIcEEEELb1EE7_M_headERS8_
FN:104,_ZNSt10_Head_baseILm0EPNSt7__cxx1112basic_stringIcSt11char_traitsIcESaIcEEELb0EEC2Ev
FN:142,_ZNSt10_Head_baseILm0EPNSt7__cxx1112basic_stringIcSt11char_traitsIcESaIcEEELb0EE7_M_headERS7_
FN:142,_ZNSt10_Head_baseILm0EPNSt7__cxx1118basic_stringstreamIcSt11char_traitsIcESaIcEEELb0EE7_M_headERS7_
FN:145,_ZNSt10_Head_baseILm0EPNSt7__cxx1112basic_stringIcSt11char_traitsIcESaIcEEELb0EE7_M_headERKS7_
FN:190,_ZNSt11_Tuple_implILm0EJPNSt7__cxx1118basic_stringstreamIcSt11char_traitsIcESaIcEEESt14default_deleteIS5_EEE7_M_headERS9_
FN:190,_ZNSt11_Tuple_implILm0EJPNSt7__cxx1112basic_stringIcSt11char_traitsIcESaIcEEESt14default_deleteIS5_EEE7_M_headERS9_
FN:193,_ZNSt11_Tuple_implILm0EJPNSt7__cxx1112basic_stringIcSt11char_traitsIcESaIcEEESt14default_deleteIS5_EEE7_M_headERKS9_
FN:201,_ZNSt11_Tuple_implILm0EJPNSt7__cxx1112basic_stringIcSt11char_traitsIcESaIcEEESt14default_deleteIS5_EEEC2Ev
FN:347,_ZNSt11_Tuple_implILm1EJSt14default_deleteINSt7__cxx1118basic_stringstreamIcSt11char_traitsIcESaIcEEEEEE7_M_headERS8_
FN:347,_ZNSt11_Tuple_implILm1EJSt14default_deleteINSt7__cxx1112basic_stringIcSt11char_traitsIcESaIcEEEEEE7_M_headERS8_
FN:352,_ZNSt11_Tuple_implILm1EJSt14default_deleteINSt7__cxx1112basic_stringIcSt11char_traitsIcESaIcEEEEEEC2Ev
FN:601,_ZNSt5tupleIJPNSt7__cxx1112basic_stringIcSt11char_traitsIcESaIcEEESt14default_deleteIS5_EEEC2Ev
FN:821,_ZSt12__get_helperILm0EPNSt7__cxx1112basic_stringIcSt11char_traitsIcESaIcEEEJSt14default_deleteIS5_EEERT0_RSt11_Tuple_implIXT_EJS9_DpT1_EE
FN:821,_ZSt12__get_helperILm1ESt14default_deleteINSt7__cxx1118basic_stringstreamIcSt11char_traitsIcESaIcEEEEJEERT0_RSt11_Tuple_implIXT_EJS8_DpT1_EE
FN:821,_ZSt12__get_helperILm0EPNSt7__cxx1118basic_stringstreamIcSt11char_traitsIcESaIcEEEJSt14default_deleteIS5_EEERT0_RSt11_Tuple_implIXT_EJS9_DpT1_EE
FN:821,_ZSt12__get_helperILm1ESt14default_deleteINSt7__cxx1112basic_stringIcSt11char_traitsIcESaIcEEEEJEERT0_RSt11_Tuple_implIXT_EJS8_DpT1_EE
FN:826,_ZSt12__get_helperILm0EPNSt7__cxx1112basic_stringIcSt11char_traitsIcESaIcEEEJSt14default_deleteIS5_EEERKT0_RKSt11_Tuple_implIXT_EJS9_DpT1_EE
FN:832,_ZSt3getILm1EJPNSt7__cxx1118basic_stringstreamIcSt11char_traitsIcESaIcEEESt14default_deleteIS5_EEERNSt13tuple_elementIXT_ESt5tupleIJDpT0_EEE4typeERSD_
FN:832,_ZSt3getILm0EJPNSt7__cxx1118basic_stringstreamIcSt11char_traitsIcESaIcEEESt14default_deleteIS5_EEERNSt13tuple_elementIXT_ESt5tupleIJDpT0_EEE4typeERSD_
FN:832,_ZSt3getILm0EJPNSt7__cxx1112basic_stringIcSt11char_traitsIcESaIcEEESt14default_deleteIS5_EEERNSt13tuple_elementIXT_ESt5tupleIJDpT0_EEE4typeERSD_
FN:832,_ZSt3getILm1EJPNSt7__cxx1112basic_stringIcSt11char_traitsIcESaIcEEESt14default_deleteIS5_EEERNSt13tuple_elementIXT_ESt5tupleIJDpT0_EEE4typeERSD_
FN:838,_ZSt3getILm0EJPNSt7__cxx1112basic_stringIcSt11char_traitsIcESaIcEEESt14default_deleteIS5_EEERKNSt13tuple_elementIXT_ESt5tupleIJDpT0_EEE4typeERKSD_
FNDA:0,_ZNSt10_Head_baseILm1ESt14default_deleteINSt7__cxx1112basic_stringIcSt11char_traitsIcESaIcEEEELb1EEC2Ev
FNDA:0,_ZNSt10_Head_baseILm1ESt14default_deleteINSt7__cxx1112basic_stringIcSt11char_traitsIcESaIcEEEELb1EE7_M_headERS8_
FNDA:0,_ZNSt10_Head_baseILm1ESt14default_deleteINSt7__cxx1118basic_stringstreamIcSt11char_traitsIcESaIcEEEELb1EE7_M_headERS8_
FNDA:0,_ZNSt10_Head_baseILm0EPNSt7__cxx1112basic_stringIcSt11char_traitsIcESaIcEEELb0EEC2Ev
FNDA:0,_ZNSt10_Head_baseILm0EPNSt7__cxx1112basic_stringIcSt11char_traitsIcESaIcEEELb0EE7_M_headERS7_
FNDA:0,_ZNSt10_Head_baseILm0EPNSt7__cxx1118basic_stringstreamIcSt11char_traitsIcESaIcEEELb0EE7_M_headERS7_
FNDA:0,_ZNSt10_Head_baseILm0EPNSt7__cxx1112basic_stringIcSt11char_traitsIcESaIcEEELb0EE7_M_headERKS7_
FNDA:0,_ZNSt11_Tuple_implILm0EJPNSt7__cxx1112basic_stringIcSt11char_traitsIcESaIcEEESt14default_deleteIS5_EEE7_M_headERS9_
FNDA:0,_ZNSt11_Tuple_implILm0EJPNSt7__cxx1118basic_stringstreamIcSt11char_traitsIcESaIcEEESt14default_deleteIS5_EEE7_M_headERS9_
FNDA:0,_ZNSt11_Tuple_implILm0EJPNSt7__cxx1112basic_stringIcSt11char_traitsIcESaIcEEESt14default_deleteIS5_EEE7_M_headERKS9_
FNDA:0,_ZNSt11_Tuple_implILm0EJPNSt7__cxx1112basic_stringIcSt11char_traitsIcESaIcEEESt14default_deleteIS5_EEEC2Ev
FNDA:0,_ZNSt11_Tuple_implILm1EJSt14default_deleteINSt7__cxx1112basic_stringIcSt11char_traitsIcESaIcEEEEEE7_M_headERS8_
FNDA:0,_ZNSt11_Tuple_implILm1EJSt14default_deleteINSt7__cxx1118basic_stringstreamIcSt11char_traitsIcESaIcEEEEEE7_M_headERS8_
FNDA:0,_ZNSt11_Tuple_implILm1EJSt14default_deleteINSt7__cxx1112basic_stringIcSt11char_traitsIcESaIcEEEEEEC2Ev
FNDA:0,_ZNSt5tupleIJPNSt7__cxx1112basic_stringIcSt11char_traitsIcESaIcEEESt14default_deleteIS5_EEEC2Ev
FNDA:0,_ZSt12__get_helperILm1ESt14default_deleteINSt7__cxx1112basic_stringIcSt11char_traitsIcESaIcEEEEJEERT0_RSt11_Tuple_implIXT_EJS8_DpT1_EE
FNDA:0,_ZSt12__get_helperILm1ESt14default_deleteINSt7__cxx1118basic_stringstreamIcSt11char_traitsIcESaIcEEEEJEERT0_RSt11_Tuple_implIXT_EJS8_DpT1_EE
FNDA:0,_ZSt12__get_helperILm0EPNSt7__cxx1112basic_stringIcSt11char_traitsIcESaIcEEEJSt14default_deleteIS5_EEERT0_RSt11_Tuple_implIXT_EJS9_DpT1_EE
FNDA:0,_ZSt12__get_helperILm0EPNSt7__cxx1118basic_stringstreamIcSt11char_traitsIcESaIcEEEJSt14default_deleteIS5_EEERT0_RSt11_Tuple_implIXT_EJS9_DpT1_EE
FNDA:0,_ZSt12__get_helperILm0EPNSt7__cxx1112basic_stringIcSt11char_traitsIcESaIcEEEJSt14default_deleteIS5_EEERKT0_RKSt11_Tuple_implIXT_EJS9_DpT1_EE
FNDA:0,_ZSt3getILm1EJPNSt7__cxx1112basic_stringIcSt11char_traitsIcESaIcEEESt14default_deleteIS5_EEERNSt13tuple_elementIXT_ESt5tupleIJDpT0_EEE4typeERSD_
FNDA:0,_ZSt3getILm1EJPNSt7__cxx1118basic_stringstreamIcSt11char_traitsIcESaIcEEESt14default_deleteIS5_EEERNSt13tuple_elementIXT_ESt5tupleIJDpT0_EEE4typeERSD_
FNDA:0,_ZSt3getILm0EJPNSt7__cxx1112basic_stringIcSt11char_traitsIcESaIcEEESt14default_deleteIS5_EEERNSt13tuple_elementIXT_ESt5tupleIJDpT0_EEE4typeERSD_
FNDA:0,_ZSt3getILm0EJPNSt7__cxx1118basic_stringstreamIcSt11char_traitsIcESaIcEEESt14default_deleteIS5_EEERNSt13tuple_elementIXT_ESt5tupleIJDpT0_EEE4typeERSD_
FNDA:0,_ZSt3getILm0EJPNSt7__cxx1112basic_stringIcSt11char_traitsIcESaIcEEESt14default_deleteIS5_EEERKNSt13tuple_elementIXT_ESt5tupleIJDpT0_EEE4typeERKSD_
FNF:25
FNH:0
DA:58,0
DA:59,0
DA:95,0
DA:104,0
DA:105,0
DA:142,0
DA:145,0
DA:190,0
DA:193,0
DA:201,0
DA:202,0
DA:347,0
DA:352,0
DA:353,0
DA:601,0
DA:602,0
DA:821,0
DA:822,0
DA:826,0
DA:827,0
DA:832,0
DA:833,0
DA:838,0
DA:839,0
LF:24
LH:0
end_of_record
SF:/usr/local/include/gtest/gtest-message.h
FN:91,_ZN7testing7MessageD2Ev
FNDA:0,_ZN7testing7MessageD2Ev
FNF:1
FNH:0
DA:91,0
LF:1
LH:0
end_of_record
SF:/usr/local/include/gtest/gtest-printers.h
FN:333,_ZN7testing8internal19FormatForComparisonIbbE6FormatERKb
FN:413,_ZN7testing8internal33FormatForComparisonFailureMessageIbbEENSt7__cxx1112basic_stringIcSt11char_traitsIcESaIcEEERKT_RKT0_
FN:459,_ZN7testing8internal7PrintToEbPSo
FN:682,_ZN7testing8internal16UniversalPrinterIbE5PrintERKbPSo
FN:864,_ZN7testing8internal21UniversalTersePrinterIbE5PrintERKbPSo
FN:976,_ZN7testing8internal14UniversalPrintIbEEvRKT_PSo
FN:1016,_ZN7testing13PrintToStringIbEENSt7__cxx1112basic_stringIcSt11char_traitsIcESaIcEEERKT_
FNDA:0,_ZN7testing8internal19FormatForComparisonIbbE6FormatERKb
FNDA:0,_ZN7testing8internal33FormatForComparisonFailureMessageIbbEENSt7__cxx1112basic_stringIcSt11char_traitsIcESaIcEEERKT_RKT0_
FNDA:0,_ZN7testing8internal7PrintToEbPSo
FNDA:0,_ZN7testing8internal16UniversalPrinterIbE5PrintERKbPSo
FNDA:0,_ZN7testing8internal21UniversalTersePrinterIbE5PrintERKbPSo
FNDA:0,_ZN7testing8internal14UniversalPrintIbEEvRKT_PSo
FNDA:0,_ZN7testing13PrintToStringIbEENSt7__cxx1112basic_stringIcSt11char_traitsIcESaIcEEERKT_
FNF:7
FNH:0
DA:333,0
DA:334,0
DA:413,0
DA:415,0
DA:459,0
DA:460,0
DA:461,0
DA:682,0
DA:691,0
DA:692,0
DA:864,0
DA:865,0
DA:866,0
DA:976,0
DA:980,0
DA:981,0
DA:1016,0
DA:1017,0
DA:1018,0
DA:1019,0
LF:20
LH:0
end_of_record
SF:/usr/local/include/gtest/gtest.h
FN:283,_ZN7testing15AssertionResultD2Ev
FN:305,_ZN7testing15AssertionResultC2IbEERKT_PNSt9enable_ifIXntsrSt14is_convertibleIS2_S0_E5valueEvE4typeE
FN:324,_ZNK7testing15AssertionResultcvbEv
FN:333,_ZNK7testing15AssertionResult7messageEv
FN:337,_ZNK7testing15AssertionResult15failure_messageEv
FN:427,_ZN7testing4Test14SetUpTestSuiteEv
FN:435,_ZN7testing4Test17TearDownTestSuiteEv
FN:440,_ZN7testing4Test16TearDownTestCaseEv
FN:441,_ZN7testing4Test13SetUpTestCaseEv
FN:522,_ZN7testing4Test5SetupEv
FN:1522,_ZN7testing8internal18CmpHelperEQFailureIbbEENS_15AssertionResultEPKcS4_RKT_RKT0_
FN:1541,_ZN7testing8internal11CmpHelperEQIbbEENS_15AssertionResultEPKcS4_RKT_RKT0_
FN:1561,_ZN7testing8internal8EqHelper7CompareIbbLPv0EEENS_15AssertionResultEPKcS6_RKT_RKT0_
FNDA:0,_ZN7testing15AssertionResultD2Ev
FNDA:0,_ZN7testing15AssertionResultC2IbEERKT_PNSt9enable_ifIXntsrSt14is_convertibleIS2_S0_E5valueEvE4typeE
FNDA:0,_ZNK7testing15AssertionResultcvbEv
FNDA:0,_ZNK7testing15AssertionResult7messageEv
FNDA:0,_ZNK7testing15AssertionResult15failure_messageEv
FNDA:0,_ZN7testing4Test14SetUpTestSuiteEv
FNDA:0,_ZN7testing4Test17TearDownTestSuiteEv
FNDA:0,_ZN7testing4Test16TearDownTestCaseEv
FNDA:0,_ZN7testing4Test13SetUpTestCaseEv
FNDA:0,_ZN7testing4Test5SetupEv
FNDA:0,_ZN7testing8internal18CmpHelperEQFailureIbbEENS_15AssertionResultEPKcS4_RKT_RKT0_
FNDA:0,_ZN7testing8internal11CmpHelperEQIbbEENS_15AssertionResultEPKcS4_RKT_RKT0_
FNDA:0,_ZN7testing8internal8EqHelper7CompareIbbLPv0EEENS_15AssertionResultEPKcS6_RKT_RKT0_
FNF:13
FNH:0
DA:283,0
DA:305,0
DA:311,0
DA:324,0
DA:333,0
DA:334,0
DA:337,0
DA:427,0
DA:435,0
DA:440,0
DA:441,0
DA:522,0
DA:1522,0
DA:1529,0
DA:1541,0
DA:1545,0
DA:1546,0
DA:1549,0
DA:1561,0
DA:1564,0
LF:20
LH:0
end_of_record
SF:/usr/local/include/gtest/internal/gtest-internal.h
FN:454,_ZN7testing8internal15TestFactoryBaseD2Ev
FN:454,_ZN7testing8internal15TestFactoryBaseD0Ev
FN:461,_ZN7testing8internal15TestFactoryBaseC2Ev
FN:470,_ZN7testing8internal15TestFactoryImplI40TEST_HASH_DESTORY_test_hash_destory_TestED0Ev
FN:470,_ZN7testing8internal15TestFactoryImplI42TEST_HASH_TRAVERSE_test_hash_traverse_TestEC2Ev
FN:470,_ZN7testing8internal15TestFactoryImplI38TEST_HASH_SEARCH_test_hash_search_TestEC2Ev
FN:470,_ZN7testing8internal15TestFactoryImplI42TEST_HASH_TRAVERSE_test_hash_traverse_TestED0Ev
FN:470,_ZN7testing8internal15TestFactoryImplI38TEST_HASH_DELETE_test_hash_delete_TestEC2Ev
FN:470,_ZN7testing8internal15TestFactoryImplI40TEST_HASH_DESTORY_test_hash_destory_TestED2Ev
FN:470,_ZN7testing8internal15TestFactoryImplI38TEST_HASH_INSERT_test_hash_insert_TestEC2Ev
FN:470,_ZN7testing8internal15TestFactoryImplI38TEST_HASH_UPDATE_test_hash_update_TestEC2Ev
FN:470,_ZN7testing8internal15TestFactoryImplI38TEST_HASH_INSERT_test_hash_insert_TestED0Ev
FN:470,_ZN7testing8internal15TestFactoryImplI38TEST_HASH_CREATE_test_hash_create_TestED2Ev
FN:470,_ZN7testing8internal15TestFactoryImplI42TEST_HASH_TRAVERSE_test_hash_traverse_TestED2Ev
FN:470,_ZN7testing8internal15TestFactoryImplI38TEST_HASH_INSERT_test_hash_insert_TestED2Ev
FN:470,_ZN7testing8internal15TestFactoryImplI38TEST_HASH_DELETE_test_hash_delete_TestED2Ev
FN:470,_ZN7testing8internal15TestFactoryImplI38TEST_HASH_UPDATE_test_hash_update_TestED2Ev
FN:470,_ZN7testing8internal15TestFactoryImplI38TEST_HASH_DELETE_test_hash_delete_TestED0Ev
FN:470,_ZN7testing8internal15TestFactoryImplI38TEST_HASH_UPDATE_test_hash_update_TestED0Ev
FN:470,_ZN7testing8internal15TestFactoryImplI38TEST_HASH_SEARCH_test_hash_search_TestED2Ev
FN:470,_ZN7testing8internal15TestFactoryImplI38TEST_HASH_SEARCH_test_hash_search_TestED0Ev
FN:470,_ZN7testing8internal15TestFactoryImplI38TEST_HASH_CREATE_test_hash_create_TestEC2Ev
FN:470,_ZN7testing8internal15TestFactoryImplI38TEST_HASH_CREATE_test_hash_create_TestED0Ev
FN:470,_ZN7testing8internal15TestFactoryImplI40TEST_HASH_DESTORY_test_hash_destory_TestEC2Ev
FN:472,_ZN7testing8internal15TestFactoryImplI42TEST_HASH_TRAVERSE_test_hash_traverse_TestE10CreateTestEv
FN:472,_ZN7testing8internal15TestFactoryImplI38TEST_HASH_SEARCH_test_hash_search_TestE10CreateTestEv
FN:472,_ZN7testing8internal15TestFactoryImplI38TEST_HASH_INSERT_test_hash_insert_TestE10CreateTestEv
FN:472,_ZN7testing8internal15TestFactoryImplI38TEST_HASH_DELETE_test_hash_delete_TestE10CreateTestEv
FN:472,_ZN7testing8internal15TestFactoryImplI38TEST_HASH_UPDATE_test_hash_update_TestE10CreateTestEv
FN:472,_ZN7testing8internal15TestFactoryImplI40TEST_HASH_DESTORY_test_hash_destory_TestE10CreateTestEv
FN:472,_ZN7testing8internal15TestFactoryImplI38TEST_HASH_CREATE_test_hash_create_TestE10CreateTestEv
FN:492,_ZN7testing8internal12CodeLocationD2Ev
FN:493,_ZN7testing8internal12CodeLocationC2ERKNSt7__cxx1112basic_stringIcSt11char_traitsIcESaIcEEEi
FN:506,_ZN7testing8internal19GetNotDefaultOrNullEPFvvES2_
FN:521,_ZN7testing8internal16SuiteApiResolverINS_4TestEE19GetSetUpCaseOrSuiteEPKci
FN:542,_ZN7testing8internal16SuiteApiResolverINS_4TestEE22GetTearDownCaseOrSuiteEPKci
FNDA:0,_ZN7testing8internal15TestFactoryBaseD0Ev
FNDA:0,_ZN7testing8internal15TestFactoryBaseD2Ev
FNDA:0,_ZN7testing8internal15TestFactoryBaseC2Ev
FNDA:0,_ZN7testing8internal15TestFactoryImplI38TEST_HASH_CREATE_test_hash_create_TestED0Ev
FNDA:0,_ZN7testing8internal15TestFactoryImplI38TEST_HASH_CREATE_test_hash_create_TestED2Ev
FNDA:0,_ZN7testing8internal15TestFactoryImplI38TEST_HASH_INSERT_test_hash_insert_TestED0Ev
FNDA:0,_ZN7testing8internal15TestFactoryImplI38TEST_HASH_INSERT_test_hash_insert_TestED2Ev
FNDA:0,_ZN7testing8internal15TestFactoryImplI38TEST_HASH_DELETE_test_hash_delete_TestED0Ev
FNDA:0,_ZN7testing8internal15TestFactoryImplI38TEST_HASH_DELETE_test_hash_delete_TestED2Ev
FNDA:0,_ZN7testing8internal15TestFactoryImplI38TEST_HASH_UPDATE_test_hash_update_TestED0Ev
FNDA:0,_ZN7testing8internal15TestFactoryImplI38TEST_HASH_UPDATE_test_hash_update_TestED2Ev
FNDA:0,_ZN7testing8internal15TestFactoryImplI38TEST_HASH_SEARCH_test_hash_search_TestED0Ev
FNDA:0,_ZN7testing8internal15TestFactoryImplI38TEST_HASH_SEARCH_test_hash_search_TestED2Ev
FNDA:0,_ZN7testing8internal15TestFactoryImplI42TEST_HASH_TRAVERSE_test_hash_traverse_TestED0Ev
FNDA:0,_ZN7testing8internal15TestFactoryImplI42TEST_HASH_TRAVERSE_test_hash_traverse_TestED2Ev
FNDA:0,_ZN7testing8internal15TestFactoryImplI40TEST_HASH_DESTORY_test_hash_destory_TestED0Ev
FNDA:0,_ZN7testing8internal15TestFactoryImplI40TEST_HASH_DESTORY_test_hash_destory_TestED2Ev
FNDA:1,_ZN7testing8internal15TestFactoryImplI40TEST_HASH_DESTORY_test_hash_destory_TestEC2Ev
FNDA:1,_ZN7testing8internal15TestFactoryImplI42TEST_HASH_TRAVERSE_test_hash_traverse_TestEC2Ev
FNDA:1,_ZN7testing8internal15TestFactoryImplI38TEST_HASH_SEARCH_test_hash_search_TestEC2Ev
FNDA:1,_ZN7testing8internal15TestFactoryImplI38TEST_HASH_UPDATE_test_hash_update_TestEC2Ev
FNDA:1,_ZN7testing8internal15TestFactoryImplI38TEST_HASH_DELETE_test_hash_delete_TestEC2Ev
FNDA:1,_ZN7testing8internal15TestFactoryImplI38TEST_HASH_INSERT_test_hash_insert_TestEC2Ev
FNDA:1,_ZN7testing8internal15TestFactoryImplI38TEST_HASH_CREATE_test_hash_create_TestEC2Ev
FNDA:1,_ZN7testing8internal15TestFactoryImplI38TEST_HASH_CREATE_test_hash_create_TestE10CreateTestEv
FNDA:1,_ZN7testing8internal15TestFactoryImplI38TEST_HASH_INSERT_test_hash_insert_TestE10CreateTestEv
FNDA:1,_ZN7testing8internal15TestFactoryImplI38TEST_HASH_DELETE_test_hash_delete_TestE10CreateTestEv
FNDA:1,_ZN7testing8internal15TestFactoryImplI38TEST_HASH_UPDATE_test_hash_update_TestE10CreateTestEv
FNDA:1,_ZN7testing8internal15TestFactoryImplI38TEST_HASH_SEARCH_test_hash_search_TestE10CreateTestEv
FNDA:1,_ZN7testing8internal15TestFactoryImplI42TEST_HASH_TRAVERSE_test_hash_traverse_TestE10CreateTestEv
FNDA:1,_ZN7testing8internal15TestFactoryImplI40TEST_HASH_DESTORY_test_hash_destory_TestE10CreateTestEv
FNDA:0,_ZN7testing8internal12CodeLocationD2Ev
FNDA:0,_ZN7testing8internal12CodeLocationC2ERKNSt7__cxx1112basic_stringIcSt11char_traitsIcESaIcEEEi
FNDA:0,_ZN7testing8internal19GetNotDefaultOrNullEPFvvES2_
FNDA:0,_ZN7testing8internal16SuiteApiResolverINS_4TestEE19GetSetUpCaseOrSuiteEPKci
FNDA:0,_ZN7testing8internal16SuiteApiResolverINS_4TestEE22GetTearDownCaseOrSuiteEPKci
FNF:36
FNH:14
DA:454,0
DA:461,0
DA:470,7
DA:472,7
DA:492,0
DA:493,0
DA:494,0
DA:506,0
DA:508,0
DA:521,0
DA:525,0
DA:527,0
DA:529,0
DA:530,0
DA:532,0
DA:534,0
DA:542,0
DA:546,0
DA:548,0
DA:550,0
DA:551,0
DA:553,0
DA:555,0
LF:23
LH:2
end_of_record
SF:/usr/local/include/gtest/internal/gtest-port.h
FN:974,_ZN7testing8internal8GTestLog9GetStreamEv
FNDA:0,_ZN7testing8internal8GTestLog9GetStreamEv
FNF:1
FNH:0
DA:974,0
LF:1
LH:0
end_of_record
TN:
SF:/home/liyu/Desktop/SANGFOR/fengyu/employee_manager/test/unit_test/test_parse.cpp
FN:23,_ZN8Test_CliD0Ev
FN:23,_ZN8Test_CliD2Ev
FN:25,_ZN8Test_CliC2Ev
FN:27,_ZN8Test_Cli5SetUpEv
FN:32,_ZN8Test_Cli8TearDownEv
FN:38,_ZN32Test_Cli_test_parse_command_Test8TestBodyEv
FN:38,_ZN32Test_Cli_test_parse_command_TestD2Ev
FN:38,_ZN32Test_Cli_test_parse_command_TestC2Ev
FN:38,_ZN32Test_Cli_test_parse_command_TestD0Ev
FN:300,_Z41__static_initialization_and_destruction_0ii
FN:300,_GLOBAL__sub_I_g_cmd_info
FNDA:0,_ZN8Test_CliD0Ev
FNDA:1,_ZN8Test_CliD2Ev
FNDA:1,_ZN8Test_CliC2Ev
FNDA:1,_ZN8Test_Cli5SetUpEv
FNDA:1,_ZN8Test_Cli8TearDownEv
FNDA:1,_ZN32Test_Cli_test_parse_command_TestC2Ev
FNDA:1,_ZN32Test_Cli_test_parse_command_TestD0Ev
FNDA:1,_ZN32Test_Cli_test_parse_command_TestD2Ev
FNDA:1,_ZN32Test_Cli_test_parse_command_Test8TestBodyEv
FNDA:1,_GLOBAL__sub_I_g_cmd_info
FNDA:1,_Z41__static_initialization_and_destruction_0ii
FNF:11
FNH:10
DA:23,1
DA:25,1
DA:27,1
DA:29,1
DA:30,1
DA:32,1
DA:34,1
DA:35,1
DA:38,5
DA:40,1
DA:43,1
DA:47,1
DA:48,1
DA:49,1
DA:50,1
DA:51,1
DA:52,1
DA:53,1
DA:54,1
DA:55,1
DA:58,1
DA:59,1
DA:60,1
DA:62,1
DA:63,1
DA:64,1
DA:66,1
DA:67,1
DA:68,1
DA:70,1
DA:71,1
DA:72,1
DA:74,1
DA:75,1
DA:76,1
DA:78,1
DA:79,1
DA:80,1
DA:82,1
DA:83,1
DA:84,1
DA:86,1
DA:87,1
DA:88,1
DA:90,1
DA:91,1
DA:92,1
DA:94,1
DA:95,1
DA:96,1
DA:98,1
DA:99,1
DA:100,1
DA:102,1
DA:103,1
DA:104,1
DA:106,1
DA:107,1
DA:108,1
DA:110,1
DA:111,1
DA:112,1
DA:114,1
DA:115,1
DA:116,1
DA:118,1
DA:119,1
DA:120,1
DA:122,1
DA:123,1
DA:124,1
DA:126,1
DA:127,1
DA:128,1
DA:130,1
DA:131,1
DA:132,1
DA:134,1
DA:135,1
DA:136,1
DA:138,1
DA:139,1
DA:140,1
DA:142,1
DA:143,1
DA:144,1
DA:146,1
DA:147,1
DA:148,1
DA:150,1
DA:151,1
DA:152,1
DA:154,1
DA:155,1
DA:156,1
DA:158,1
DA:159,1
DA:160,1
DA:162,1
DA:163,1
DA:164,1
DA:166,1
DA:167,1
DA:168,1
DA:170,1
DA:171,1
DA:172,1
DA:174,1
DA:175,1
DA:176,1
DA:178,1
DA:179,1
DA:180,1
DA:182,1
DA:183,1
DA:184,1
DA:186,1
DA:187,1
DA:188,1
DA:190,1
DA:191,1
DA:192,1
DA:194,1
DA:195,1
DA:196,1
DA:198,1
DA:199,1
DA:200,1
DA:202,1
DA:203,1
DA:204,1
DA:206,1
DA:207,1
DA:208,1
DA:212,1
DA:215,1
DA:216,1
DA:217,1
DA:219,1
DA:220,1
DA:221,1
DA:223,1
DA:224,1
DA:225,1
DA:227,1
DA:228,1
DA:229,1
DA:231,1
DA:232,1
DA:233,1
DA:235,1
DA:236,1
DA:237,1
DA:239,1
DA:240,1
DA:241,1
DA:243,1
DA:244,1
DA:245,1
DA:247,1
DA:248,1
DA:249,1
DA:251,1
DA:252,1
DA:253,1
DA:255,1
DA:256,1
DA:257,1
DA:259,1
DA:260,1
DA:261,1
DA:263,1
DA:264,1
DA:265,1
DA:267,1
DA:268,1
DA:269,1
DA:271,1
DA:272,1
DA:273,1
DA:275,1
DA:276,1
DA:277,1
DA:279,1
DA:280,1
DA:281,1
DA:283,1
DA:284,1
DA:285,1
DA:287,1
DA:288,1
DA:289,1
DA:291,1
DA:292,1
DA:293,1
DA:299,1
DA:300,3
LF:197
LH:197
end_of_record
SF:/usr/include/c++/5/bits/unique_ptr.h
FN:57,_ZNSt14default_deleteINSt7__cxx1112basic_stringIcSt11char_traitsIcESaIcEEEEC2Ev
FN:70,_ZNKSt14default_deleteINSt7__cxx1112basic_stringIcSt11char_traitsIcESaIcEEEEclEPS5_
FN:70,_ZNKSt14default_deleteINSt7__cxx1118basic_stringstreamIcSt11char_traitsIcESaIcEEEEclEPS5_
FN:157,_ZNSt10unique_ptrINSt7__cxx1112basic_stringIcSt11char_traitsIcESaIcEEESt14default_deleteIS5_EEC2Ev
FN:232,_ZNSt10unique_ptrINSt7__cxx1112basic_stringIcSt11char_traitsIcESaIcEEESt14default_deleteIS5_EED2Ev
FN:232,_ZNSt10unique_ptrINSt7__cxx1118basic_stringstreamIcSt11char_traitsIcESaIcEEESt14default_deleteIS5_EED2Ev
FN:309,_ZNSt10unique_ptrINSt7__cxx1112basic_stringIcSt11char_traitsIcESaIcEEESt14default_deleteIS5_EE11get_deleterEv
FN:309,_ZNSt10unique_ptrINSt7__cxx1118basic_stringstreamIcSt11char_traitsIcESaIcEEESt14default_deleteIS5_EE11get_deleterEv
FNDA:128,_ZNSt14default_deleteINSt7__cxx1112basic_stringIcSt11char_traitsIcESaIcEEEEC2Ev
FNDA:0,_ZNKSt14default_deleteINSt7__cxx1112basic_stringIcSt11char_traitsIcESaIcEEEEclEPS5_
FNDA:83,_ZNKSt14default_deleteINSt7__cxx1118basic_stringstreamIcSt11char_traitsIcESaIcEEEEclEPS5_
FNDA:128,_ZNSt10unique_ptrINSt7__cxx1112basic_stringIcSt11char_traitsIcESaIcEEESt14default_deleteIS5_EEC2Ev
FNDA:128,_ZNSt10unique_ptrINSt7__cxx1112basic_stringIcSt11char_traitsIcESaIcEEESt14default_deleteIS5_EED2Ev
FNDA:83,_ZNSt10unique_ptrINSt7__cxx1118basic_stringstreamIcSt11char_traitsIcESaIcEEESt14default_deleteIS5_EED2Ev
FNDA:0,_ZNSt10unique_ptrINSt7__cxx1112basic_stringIcSt11char_traitsIcESaIcEEESt14default_deleteIS5_EE11get_deleterEv
FNDA:83,_ZNSt10unique_ptrINSt7__cxx1118basic_stringstreamIcSt11char_traitsIcESaIcEEESt14default_deleteIS5_EE11get_deleterEv
FNF:8
FNH:6
DA:57,128
DA:70,83
DA:76,83
DA:77,83
DA:157,128
DA:158,128
DA:160,128
DA:232,211
DA:234,211
DA:235,211
DA:236,83
DA:237,211
DA:238,211
DA:309,83
DA:310,83
LF:15
LH:15
end_of_record
SF:/usr/include/c++/5/iostream
DA:74,1
LF:1
LH:1
end_of_record
SF:/usr/include/c++/5/tuple
FN:58,_ZNSt10_Head_baseILm1ESt14default_deleteINSt7__cxx1112basic_stringIcSt11char_traitsIcESaIcEEEELb1EEC2Ev
FN:95,_ZNSt10_Head_baseILm1ESt14default_deleteINSt7__cxx1112basic_stringIcSt11char_traitsIcESaIcEEEELb1EE7_M_headERS8_
FN:95,_ZNSt10_Head_baseILm1ESt14default_deleteINSt7__cxx1118basic_stringstreamIcSt11char_traitsIcESaIcEEEELb1EE7_M_headERS8_
FN:104,_ZNSt10_Head_baseILm0EPNSt7__cxx1112basic_stringIcSt11char_traitsIcESaIcEEELb0EEC2Ev
FN:142,_ZNSt10_Head_baseILm0EPNSt7__cxx1118basic_stringstreamIcSt11char_traitsIcESaIcEEELb0EE7_M_headERS7_
FN:142,_ZNSt10_Head_baseILm0EPNSt7__cxx1112basic_stringIcSt11char_traitsIcESaIcEEELb0EE7_M_headERS7_
FN:190,_ZNSt11_Tuple_implILm0EJPNSt7__cxx1118basic_stringstreamIcSt11char_traitsIcESaIcEEESt14default_deleteIS5_EEE7_M_headERS9_
FN:190,_ZNSt11_Tuple_implILm0EJPNSt7__cxx1112basic_stringIcSt11char_traitsIcESaIcEEESt14default_deleteIS5_EEE7_M_headERS9_
FN:201,_ZNSt11_Tuple_implILm0EJPNSt7__cxx1112basic_stringIcSt11char_traitsIcESaIcEEESt14default_deleteIS5_EEEC2Ev
FN:347,_ZNSt11_Tuple_implILm1EJSt14default_deleteINSt7__cxx1118basic_stringstreamIcSt11char_traitsIcESaIcEEEEEE7_M_headERS8_
FN:347,_ZNSt11_Tuple_implILm1EJSt14default_deleteINSt7__cxx1112basic_stringIcSt11char_traitsIcESaIcEEEEEE7_M_headERS8_
FN:352,_ZNSt11_Tuple_implILm1EJSt14default_deleteINSt7__cxx1112basic_stringIcSt11char_traitsIcESaIcEEEEEEC2Ev
FN:601,_ZNSt5tupleIJPNSt7__cxx1112basic_stringIcSt11char_traitsIcESaIcEEESt14default_deleteIS5_EEEC2Ev
FN:821,_ZSt12__get_helperILm0EPNSt7__cxx1112basic_stringIcSt11char_traitsIcESaIcEEEJSt14default_deleteIS5_EEERT0_RSt11_Tuple_implIXT_EJS9_DpT1_EE
FN:821,_ZSt12__get_helperILm1ESt14default_deleteINSt7__cxx1112basic_stringIcSt11char_traitsIcESaIcEEEEJEERT0_RSt11_Tuple_implIXT_EJS8_DpT1_EE
FN:821,_ZSt12__get_helperILm0EPNSt7__cxx1118basic_stringstreamIcSt11char_traitsIcESaIcEEEJSt14default_deleteIS5_EEERT0_RSt11_Tuple_implIXT_EJS9_DpT1_EE
FN:821,_ZSt12__get_helperILm1ESt14default_deleteINSt7__cxx1118basic_stringstreamIcSt11char_traitsIcESaIcEEEEJEERT0_RSt11_Tuple_implIXT_EJS8_DpT1_EE
FN:832,_ZSt3getILm1EJPNSt7__cxx1118basic_stringstreamIcSt11char_traitsIcESaIcEEESt14default_deleteIS5_EEERNSt13tuple_elementIXT_ESt5tupleIJDpT0_EEE4typeERSD_
FN:832,_ZSt3getILm0EJPNSt7__cxx1118basic_stringstreamIcSt11char_traitsIcESaIcEEESt14default_deleteIS5_EEERNSt13tuple_elementIXT_ESt5tupleIJDpT0_EEE4typeERSD_
FN:832,_ZSt3getILm0EJPNSt7__cxx1112basic_stringIcSt11char_traitsIcESaIcEEESt14default_deleteIS5_EEERNSt13tuple_elementIXT_ESt5tupleIJDpT0_EEE4typeERSD_
FN:832,_ZSt3getILm1EJPNSt7__cxx1112basic_stringIcSt11char_traitsIcESaIcEEESt14default_deleteIS5_EEERNSt13tuple_elementIXT_ESt5tupleIJDpT0_EEE4typeERSD_
FNDA:128,_ZNSt10_Head_baseILm1ESt14default_deleteINSt7__cxx1112basic_stringIcSt11char_traitsIcESaIcEEEELb1EEC2Ev
FNDA:0,_ZNSt10_Head_baseILm1ESt14default_deleteINSt7__cxx1112basic_stringIcSt11char_traitsIcESaIcEEEELb1EE7_M_headERS8_
FNDA:83,_ZNSt10_Head_baseILm1ESt14default_deleteINSt7__cxx1118basic_stringstreamIcSt11char_traitsIcESaIcEEEELb1EE7_M_headERS8_
FNDA:128,_ZNSt10_Head_baseILm0EPNSt7__cxx1112basic_stringIcSt11char_traitsIcESaIcEEELb0EEC2Ev
FNDA:128,_ZNSt10_Head_baseILm0EPNSt7__cxx1112basic_stringIcSt11char_traitsIcESaIcEEELb0EE7_M_headERS7_
FNDA:83,_ZNSt10_Head_baseILm0EPNSt7__cxx1118basic_stringstreamIcSt11char_traitsIcESaIcEEELb0EE7_M_headERS7_
FNDA:128,_ZNSt11_Tuple_implILm0EJPNSt7__cxx1112basic_stringIcSt11char_traitsIcESaIcEEESt14default_deleteIS5_EEE7_M_headERS9_
FNDA:83,_ZNSt11_Tuple_implILm0EJPNSt7__cxx1118basic_stringstreamIcSt11char_traitsIcESaIcEEESt14default_deleteIS5_EEE7_M_headERS9_
FNDA:128,_ZNSt11_Tuple_implILm0EJPNSt7__cxx1112basic_stringIcSt11char_traitsIcESaIcEEESt14default_deleteIS5_EEEC2Ev
FNDA:0,_ZNSt11_Tuple_implILm1EJSt14default_deleteINSt7__cxx1112basic_stringIcSt11char_traitsIcESaIcEEEEEE7_M_headERS8_
FNDA:83,_ZNSt11_Tuple_implILm1EJSt14default_deleteINSt7__cxx1118basic_stringstreamIcSt11char_traitsIcESaIcEEEEEE7_M_headERS8_
FNDA:128,_ZNSt11_Tuple_implILm1EJSt14default_deleteINSt7__cxx1112basic_stringIcSt11char_traitsIcESaIcEEEEEEC2Ev
FNDA:128,_ZNSt5tupleIJPNSt7__cxx1112basic_stringIcSt11char_traitsIcESaIcEEESt14default_deleteIS5_EEEC2Ev
FNDA:0,_ZSt12__get_helperILm1ESt14default_deleteINSt7__cxx1112basic_stringIcSt11char_traitsIcESaIcEEEEJEERT0_RSt11_Tuple_implIXT_EJS8_DpT1_EE
FNDA:83,_ZSt12__get_helperILm1ESt14default_deleteINSt7__cxx1118basic_stringstreamIcSt11char_traitsIcESaIcEEEEJEERT0_RSt11_Tuple_implIXT_EJS8_DpT1_EE
FNDA:128,_ZSt12__get_helperILm0EPNSt7__cxx1112basic_stringIcSt11char_traitsIcESaIcEEEJSt14default_deleteIS5_EEERT0_RSt11_Tuple_implIXT_EJS9_DpT1_EE
FNDA:83,_ZSt12__get_helperILm0EPNSt7__cxx1118basic_stringstreamIcSt11char_traitsIcESaIcEEEJSt14default_deleteIS5_EEERT0_RSt11_Tuple_implIXT_EJS9_DpT1_EE
FNDA:0,_ZSt3getILm1EJPNSt7__cxx1112basic_stringIcSt11char_traitsIcESaIcEEESt14default_deleteIS5_EEERNSt13tuple_elementIXT_ESt5tupleIJDpT0_EEE4typeERSD_
FNDA:83,_ZSt3getILm1EJPNSt7__cxx1118basic_stringstreamIcSt11char_traitsIcESaIcEEESt14default_deleteIS5_EEERNSt13tuple_elementIXT_ESt5tupleIJDpT0_EEE4typeERSD_
FNDA:128,_ZSt3getILm0EJPNSt7__cxx1112basic_stringIcSt11char_traitsIcESaIcEEESt14default_deleteIS5_EEERNSt13tuple_elementIXT_ESt5tupleIJDpT0_EEE4typeERSD_
FNDA:83,_ZSt3getILm0EJPNSt7__cxx1118basic_stringstreamIcSt11char_traitsIcESaIcEEESt14default_deleteIS5_EEERNSt13tuple_elementIXT_ESt5tupleIJDpT0_EEE4typeERSD_
FNF:21
FNH:17
DA:58,128
DA:59,128
DA:95,83
DA:104,128
DA:105,128
DA:142,211
DA:190,211
DA:201,128
DA:202,128
DA:347,83
DA:352,128
DA:353,128
DA:601,128
DA:602,128
DA:821,294
DA:822,294
DA:832,294
DA:833,294
LF:18
LH:18
end_of_record
SF:/usr/local/include/gtest/gtest-message.h
FN:91,_ZN7testing7MessageD2Ev
FNDA:83,_ZN7testing7MessageD2Ev
FNF:1
FNH:1
DA:91,83
LF:1
LH:1
end_of_record
SF:/usr/local/include/gtest/gtest.h
FN:283,_ZN7testing15AssertionResultD2Ev
FN:305,_ZN7testing15AssertionResultC2IbEERKT_PNSt9enable_ifIXntsrSt14is_convertibleIS2_S0_E5valueEvE4typeE
FN:324,_ZNK7testing15AssertionResultcvbEv
FN:427,_ZN7testing4Test14SetUpTestSuiteEv
FN:435,_ZN7testing4Test17TearDownTestSuiteEv
FN:440,_ZN7testing4Test16TearDownTestCaseEv
FN:441,_ZN7testing4Test13SetUpTestCaseEv
FN:522,_ZN7testing4Test5SetupEv
FNDA:128,_ZN7testing15AssertionResultD2Ev
FNDA:128,_ZN7testing15AssertionResultC2IbEERKT_PNSt9enable_ifIXntsrSt14is_convertibleIS2_S0_E5valueEvE4typeE
FNDA:128,_ZNK7testing15AssertionResultcvbEv
FNDA:0,_ZN7testing4Test14SetUpTestSuiteEv
FNDA:0,_ZN7testing4Test17TearDownTestSuiteEv
FNDA:0,_ZN7testing4Test16TearDownTestCaseEv
FNDA:0,_ZN7testing4Test13SetUpTestCaseEv
FNDA:0,_ZN7testing4Test5SetupEv
FNF:8
FNH:3
DA:283,128
DA:305,128
DA:311,128
DA:324,128
DA:427,0
DA:435,0
DA:440,0
DA:441,0
DA:522,0
LF:9
LH:4
end_of_record
SF:/usr/local/include/gtest/internal/gtest-internal.h
FN:435,_ZN7testing8internal9GetTypeIdI8Test_CliEEPKvv
FN:454,_ZN7testing8internal15TestFactoryBaseD2Ev
FN:454,_ZN7testing8internal15TestFactoryBaseD0Ev
FN:461,_ZN7testing8internal15TestFactoryBaseC2Ev
FN:470,_ZN7testing8internal15TestFactoryImplI32Test_Cli_test_parse_command_TestED0Ev
FN:470,_ZN7testing8internal15TestFactoryImplI32Test_Cli_test_parse_command_TestED2Ev
FN:470,_ZN7testing8internal15TestFactoryImplI32Test_Cli_test_parse_command_TestEC2Ev
FN:472,_ZN7testing8internal15TestFactoryImplI32Test_Cli_test_parse_command_TestE10CreateTestEv
FN:492,_ZN7testing8internal12CodeLocationD2Ev
FN:493,_ZN7testing8internal12CodeLocationC2ERKNSt7__cxx1112basic_stringIcSt11char_traitsIcESaIcEEEi
FN:506,_ZN7testing8internal19GetNotDefaultOrNullEPFvvES2_
FN:521,_ZN7testing8internal16SuiteApiResolverI8Test_CliE19GetSetUpCaseOrSuiteEPKci
FN:542,_ZN7testing8internal16SuiteApiResolverI8Test_CliE22GetTearDownCaseOrSuiteEPKci
FNDA:1,_ZN7testing8internal9GetTypeIdI8Test_CliEEPKvv
FNDA:0,_ZN7testing8internal15TestFactoryBaseD0Ev
FNDA:0,_ZN7testing8internal15TestFactoryBaseD2Ev
FNDA:9,_ZN7testing8internal15TestFactoryBaseC2Ev
FNDA:0,_ZN7testing8internal15TestFactoryImplI32Test_Cli_test_parse_command_TestED0Ev
FNDA:0,_ZN7testing8internal15TestFactoryImplI32Test_Cli_test_parse_command_TestED2Ev
FNDA:1,_ZN7testing8internal15TestFactoryImplI32Test_Cli_test_parse_command_TestEC2Ev
FNDA:1,_ZN7testing8internal15TestFactoryImplI32Test_Cli_test_parse_command_TestE10CreateTestEv
FNDA:18,_ZN7testing8internal12CodeLocationD2Ev
FNDA:9,_ZN7testing8internal12CodeLocationC2ERKNSt7__cxx1112basic_stringIcSt11char_traitsIcESaIcEEEi
FNDA:36,_ZN7testing8internal19GetNotDefaultOrNullEPFvvES2_
FNDA:1,_ZN7testing8internal16SuiteApiResolverI8Test_CliE19GetSetUpCaseOrSuiteEPKci
FNDA:1,_ZN7testing8internal16SuiteApiResolverI8Test_CliE22GetTearDownCaseOrSuiteEPKci
FNF:13
FNH:9
DA:435,1
DA:440,1
DA:454,0
DA:461,9
DA:470,1
DA:472,1
DA:492,18
DA:493,9
DA:494,9
DA:506,36
DA:508,36
DA:521,1
DA:525,1
DA:527,1
DA:529,1
DA:530,0
DA:532,0
DA:534,1
DA:542,1
DA:546,1
DA:548,1
DA:550,1
DA:551,0
DA:553,0
DA:555,1
LF:25
LH:20
end_of_record
SF:/usr/local/include/gtest/internal/gtest-port.h
FN:974,_ZN7testing8internal8GTestLog9GetStreamEv
FNDA:0,_ZN7testing8internal8GTestLog9GetStreamEv
FNF:1
FNH:0
DA:974,0
LF:1
LH:0
end_of_record
TN:
SF:/home/liyu/Desktop/SANGFOR/fengyu/employee_manager/test/unit_test/unit_test.cpp
FN:20,main
FN:24,_Z41__static_initialization_and_destruction_0ii
FN:24,_GLOBAL__sub_I_g_log_level
FNDA:1,main
FNDA:1,_GLOBAL__sub_I_g_log_level
FNDA:1,_Z41__static_initialization_and_destruction_0ii
FNF:3
FNH:3
DA:20,1
DA:22,1
DA:23,1
DA:24,3
LF:4
LH:4
end_of_record
SF:/usr/include/c++/5/iostream
DA:74,1
LF:1
LH:1
end_of_record
SF:/usr/local/include/gtest/gtest.h
FN:2489,_Z13RUN_ALL_TESTSv
FNDA:1,_Z13RUN_ALL_TESTSv
FNF:1
FNH:1
DA:2489,1
DA:2490,1
LF:2
LH:2
end_of_record
TN:
SF:/home/liyu/Desktop/SANGFOR/fengyu/employee_manager/lib/hash_table/hash_table.c
FN:17,hash_create
FN:61,hash_insert_node
FN:124,hash_delete_node
FN:165,hash_update_node
FN:199,hash_search_node
FN:234,hash_traverse_all_nodes
FN:278,clear_list_space
FN:303,hash_destory
FNDA:12,hash_create
FNDA:40,hash_insert_node
FNDA:7,hash_delete_node
FNDA:8,hash_update_node
FNDA:8,hash_search_node
FNDA:11,hash_traverse_all_nodes
FNDA:1,clear_list_space
FNDA:3,hash_destory
FNF:8
FNH:8
DA:17,12
DA:19,12
DA:22,12
DA:23,2
DA:24,2
DA:28,10
DA:29,10
DA:30,0
DA:31,0
DA:35,10
DA:36,10
DA:37,0
DA:38,0
DA:39,0
DA:43,10
DA:44,10
DA:45,10
DA:46,10
DA:47,10
DA:48,10
DA:51,12
DA:61,40
DA:63,40
DA:65,40
DA:66,2
DA:67,2
DA:70,38
DA:71,2
DA:72,2
DA:75,36
DA:76,36
DA:79,79
DA:80,10
DA:81,3
DA:82,3
DA:84,7
DA:85,7
DA:88,33
DA:90,33
DA:91,33
DA:92,0
DA:93,0
DA:96,33
DA:97,33
DA:98,33
DA:99,33
DA:100,0
DA:101,0
DA:104,33
DA:105,33
DA:107,33
DA:108,26
DA:110,7
DA:113,33
DA:115,33
DA:124,7
DA:127,7
DA:130,7
DA:131,2
DA:132,2
DA:136,5
DA:137,5
DA:138,5
DA:139,10
DA:140,4
DA:141,4
DA:142,4
DA:144,0
DA:146,4
DA:148,4
DA:149,4
DA:151,0
DA:152,0
DA:155,1
DA:156,1
DA:165,8
DA:168,8
DA:171,8
DA:172,2
DA:173,2
DA:177,6
DA:178,6
DA:179,6
DA:180,13
DA:181,6
DA:182,5
DA:183,5
DA:185,1
DA:186,1
DA:189,1
DA:190,1
DA:199,8
DA:201,8
DA:205,8
DA:206,2
DA:207,2
DA:211,6
DA:212,6
DA:213,13
DA:214,6
DA:215,5
DA:217,1
DA:221,8
DA:222,5
DA:224,3
DA:234,11
DA:240,11
DA:241,3
DA:242,3
DA:246,8
DA:247,8
DA:248,0
DA:252,8
DA:253,16000
DA:254,15992
DA:256,32023
DA:257,39
DA:258,25
DA:259,25
DA:261,39
DA:266,8
DA:267,0
DA:270,8
DA:278,1
DA:280,1
DA:282,1
DA:283,0
DA:284,0
DA:287,1
DA:288,3
DA:289,1
DA:290,1
DA:291,1
DA:293,1
DA:295,1
DA:303,3
DA:309,3
DA:310,1
DA:311,1
DA:315,4000
DA:316,3998
DA:317,3998
DA:318,3997
DA:321,1
DA:322,0
DA:323,0
DA:328,2
DA:329,2
DA:330,2
DA:332,2
DA:334,2
LF:151
LH:133
end_of_record
TN:
SF:/home/liyu/Desktop/SANGFOR/fengyu/employee_manager/lib/employee_manager/employee_utils.c
FN:14,compare_work_id
FN:23,compare_entry_date
FN:43,is_string_equal
FN:65,is_date_equal
FN:87,compare_employee_info
FN:127,update_employee_info
FN:174,sort_matched_info
FN:191,show_one_employee_info
FN:204,show_matched_employee_info
FNDA:5,compare_work_id
FNDA:4,compare_entry_date
FNDA:25,is_string_equal
FNDA:5,is_date_equal
FNDA:35,compare_employee_info
FNDA:6,update_employee_info
FNDA:6,sort_matched_info
FNDA:34,show_one_employee_info
FNDA:7,show_matched_employee_info
FNF:9
FNH:9
DA:14,5
DA:16,5
DA:23,4
DA:25,4
DA:27,4
DA:28,2
DA:31,2
DA:32,1
DA:35,1
DA:43,25
DA:45,25
DA:46,0
DA:49,25
DA:50,0
DA:53,25
DA:54,14
DA:57,11
DA:65,5
DA:67,5
DA:68,0
DA:71,5
DA:72,0
DA:75,5
DA:76,2
DA:79,3
DA:87,35
DA:91,35
DA:92,5
DA:95,30
DA:96,0
DA:100,30
DA:101,3
DA:105,27
DA:106,3
DA:110,24
DA:111,4
DA:115,20
DA:116,4
DA:119,16
DA:127,6
DA:129,6
DA:130,0
DA:131,0
DA:133,6
DA:136,6
DA:139,6
DA:140,6
DA:144,6
DA:145,5
DA:146,5
DA:147,5
DA:151,6
DA:152,1
DA:156,6
DA:157,1
DA:161,6
DA:162,6
DA:163,6
DA:164,6
DA:174,6
DA:176,6
DA:177,0
DA:181,6
DA:182,1
DA:183,5
DA:184,1
DA:191,34
DA:193,34
DA:194,0
DA:197,34
DA:204,7
DA:206,7
DA:207,0
DA:210,28
DA:211,21
LF:75
LH:65
end_of_record
TN:
SF:/home/liyu/Desktop/SANGFOR/fengyu/employee_manager/lib/employee_manager/employee_mgr.c
FN:17,insert_one_employee
FN:37,delete_one_employee
FN:47,modify_one_employee_info
FN:60,find_employee_by_id
FN:71,find_employee_by_info
FN:84,traverse_employee_info
FN:93,clear_all_employee_info
FNDA:7,insert_one_employee
FNDA:1,delete_one_employee
FNDA:2,modify_one_employee_info
FNDA:2,find_employee_by_id
FNDA:9,find_employee_by_info
FNDA:1,traverse_employee_info
FNDA:1,clear_all_employee_info
FNF:7
FNH:7
DA:17,7
DA:19,7
DA:20,1
DA:23,6
DA:24,1
DA:25,0
DA:26,0
DA:29,6
DA:37,1
DA:39,1
DA:47,2
DA:49,2
DA:50,1
DA:52,1
DA:60,2
DA:62,2
DA:71,9
DA:73,9
DA:74,1
DA:76,8
DA:84,1
DA:86,1
DA:93,1
DA:95,1
LF:24
LH:22
end_of_record
TN:
SF:/home/liyu/Desktop/SANGFOR/fengyu/employee_manager/src/command_parse/parse_args.c
FN:20,check_id_validity
FN:44,check_date_validity_helper
FN:89,check_date_validity
FN:143,check_str_validity
FN:163,convert_param_to_log
FN:199,convert_param_to_sort_type
FN:223,convert_param_to_info
FN:291,convert_cmd_all_params
FN:376,get_command_type
FN:401,split_input_args
FN:440,show_add_usage
FN:451,show_del_usage
FN:461,show_mod_usage
FN:472,show_find_usage
FN:486,show_trav_usage
FN:495,show_log_usage
FN:505,show_exit_usage
FN:514,show_help_usage
FN:523,show_usage
FN:542,process_add_command
FN:576,process_del_command
FN:610,process_mod_command
FN:644,process_find_command
FN:694,process_show_command
FN:733,process_log_command
FN:758,process_exit_command
FN:786,process_help_command
FN:810,init_all_command
FN:845,process_command_request
FNDA:22,check_id_validity
FNDA:11,check_date_validity_helper
FNDA:12,check_date_validity
FNDA:32,check_str_validity
FNDA:5,convert_param_to_log
FNDA:13,convert_param_to_sort_type
FNDA:71,convert_param_to_info
FNDA:57,convert_cmd_all_params
FNDA:60,get_command_type
FNDA:62,split_input_args
FNDA:6,show_add_usage
FNDA:4,show_del_usage
FNDA:3,show_mod_usage
FNDA:4,show_find_usage
FNDA:5,show_trav_usage
FNDA:2,show_log_usage
FNDA:4,show_exit_usage
FNDA:4,show_help_usage
FNDA:1,show_usage
FNDA:10,process_add_command
FNDA:3,process_del_command
FNDA:3,process_mod_command
FNDA:10,process_find_command
FNDA:5,process_show_command
FNDA:3,process_log_command
FNDA:3,process_exit_command
FNDA:4,process_help_command
FNDA:1,init_all_command
FNDA:63,process_command_request
FNF:29
FNH:29
DA:20,22
DA:23,22
DA:24,1
DA:25,1
DA:29,125
DA:30,105
DA:31,1
DA:32,1
DA:36,20
DA:44,11
DA:46,11
DA:51,11
DA:52,11
DA:55,11
DA:56,1
DA:57,1
DA:61,10
DA:62,5
DA:66,10
DA:67,1
DA:68,1
DA:72,9
DA:73,6
DA:74,1
DA:75,1
DA:79,8
DA:89,12
DA:91,12
DA:92,12
DA:94,12
DA:97,130
DA:98,119
DA:99,25
DA:101,25
DA:102,12
DA:103,12
DA:104,12
DA:105,12
DA:108,13
DA:109,12
DA:110,12
DA:111,12
DA:112,12
DA:116,95
DA:117,1
DA:118,1
DA:121,11
DA:122,11
DA:125,11
DA:126,3
DA:130,8
DA:131,8
DA:132,8
DA:134,8
DA:143,32
DA:146,259
DA:147,228
DA:148,1
DA:149,1
DA:153,31
DA:163,5
DA:165,5
DA:166,5
DA:168,5
DA:170,5
DA:174,21
DA:175,20
DA:176,4
DA:180,5
DA:181,1
DA:182,1
DA:184,4
DA:185,4
DA:189,5
DA:199,13
DA:201,13
DA:204,13
DA:205,3
DA:206,3
DA:207,10
DA:208,9
DA:209,9
DA:212,13
DA:223,71
DA:225,71
DA:227,71
DA:229,23
DA:230,1
DA:231,1
DA:232,1
DA:234,22
DA:237,22
DA:238,22
DA:239,2
DA:241,20
DA:242,20
DA:244,13
DA:245,1
DA:246,1
DA:247,1
DA:249,12
DA:252,12
DA:253,12
DA:257,35
DA:258,3
DA:259,3
DA:260,3
DA:262,32
DA:265,32
DA:266,32
DA:267,1
DA:269,31
DA:270,25
DA:271,6
DA:272,3
DA:274,3
DA:276,31
DA:278,0
DA:281,71
DA:291,57
DA:293,57
DA:295,57
DA:297,57
DA:298,191
DA:299,91
DA:301,23
DA:303,23
DA:304,23
DA:305,3
DA:308,20
DA:310,27
DA:312,27
DA:313,27
DA:314,2
DA:317,25
DA:319,13
DA:321,13
DA:322,13
DA:323,5
DA:326,8
DA:328,4
DA:330,4
DA:331,4
DA:332,1
DA:335,3
DA:337,4
DA:339,4
DA:340,4
DA:341,1
DA:344,3
DA:346,13
DA:347,13
DA:348,13
DA:349,1
DA:351,12
DA:353,5
DA:354,5
DA:355,5
DA:356,1
DA:358,4
DA:360,2
DA:361,2
DA:362,2
DA:363,2
DA:368,57
DA:376,60
DA:378,60
DA:379,60
DA:382,216
DA:383,213
DA:384,109
DA:385,57
DA:386,57
DA:390,60
DA:401,62
DA:403,62
DA:404,62
DA:407,62
DA:408,382
DA:409,259
DA:410,1
DA:411,1
DA:412,1
DA:416,258
DA:417,258
DA:418,0
DA:419,0
DA:420,0
DA:422,258
DA:423,258
DA:426,258
DA:427,258
DA:429,62
DA:431,62
DA:432,62
DA:440,6
DA:442,6
DA:443,6
DA:444,6
DA:445,6
DA:446,6
DA:447,6
DA:448,6
DA:451,4
DA:453,4
DA:454,4
DA:455,4
DA:456,4
DA:457,4
DA:458,4
DA:461,3
DA:463,3
DA:465,3
DA:466,3
DA:467,3
DA:468,3
DA:469,3
DA:472,4
DA:474,4
DA:475,4
DA:476,4
DA:477,4
DA:478,4
DA:479,4
DA:480,4
DA:481,4
DA:482,4
DA:483,4
DA:486,5
DA:488,5
DA:489,5
DA:490,5
DA:491,5
DA:492,5
DA:495,2
DA:497,2
DA:498,2
DA:499,2
DA:500,2
DA:501,2
DA:502,2
DA:505,4
DA:507,4
DA:508,4
DA:509,4
DA:510,4
DA:511,4
DA:514,4
DA:516,4
DA:517,4
DA:518,4
DA:519,4
DA:520,4
DA:523,1
DA:525,1
DA:526,1
DA:527,1
DA:528,1
DA:529,1
DA:530,1
DA:531,1
DA:532,1
DA:533,1
DA:542,10
DA:544,10
DA:547,10
DA:548,1
DA:549,1
DA:550,1
DA:554,9
DA:555,3
DA:556,3
DA:557,3
DA:561,6
DA:562,6
DA:563,1
DA:564,1
DA:568,10
DA:576,3
DA:578,3
DA:581,3
DA:582,1
DA:583,1
DA:584,1
DA:588,2
DA:589,1
DA:590,1
DA:591,1
DA:595,1
DA:596,1
DA:597,1
DA:598,1
DA:602,3
DA:610,3
DA:612,3
DA:615,3
DA:616,1
DA:617,1
DA:618,1
DA:622,2
DA:623,1
DA:624,1
DA:625,1
DA:629,1
DA:630,1
DA:631,0
DA:632,0
DA:636,3
DA:644,10
DA:646,10
DA:647,10
DA:648,10
DA:651,10
DA:652,10
DA:653,0
DA:654,0
DA:655,0
DA:659,10
DA:660,2
DA:661,2
DA:662,1
DA:663,1
DA:664,1
DA:666,1
DA:667,1
DA:668,1
DA:672,8
DA:673,8
DA:674,8
DA:675,2
DA:676,2
DA:677,2
DA:679,6
DA:682,6
DA:683,6
DA:684,6
DA:686,10
DA:694,5
DA:696,5
DA:697,5
DA:698,5
DA:701,5
DA:702,4
DA:703,2
DA:704,4
DA:705,4
DA:706,4
DA:710,1
DA:711,1
DA:712,0
DA:713,0
DA:717,1
DA:718,1
DA:719,1
DA:722,1
DA:725,5
DA:733,3
DA:735,3
DA:738,3
DA:739,2
DA:740,2
DA:741,2
DA:745,1
DA:746,1
DA:747,1
DA:750,3
DA:758,3
DA:760,3
DA:763,3
DA:764,2
DA:765,1
DA:766,3
DA:767,3
DA:768,3
DA:772,0
DA:773,0
DA:774,0
DA:777,3
DA:786,4
DA:788,4
DA:791,4
DA:792,3
DA:793,2
DA:794,3
DA:795,3
DA:796,3
DA:800,1
DA:801,1
DA:804,4
DA:810,1
DA:812,1
DA:815,1
DA:818,1
DA:821,1
DA:824,1
DA:827,1
DA:830,1
DA:833,1
DA:836,1
DA:837,1
DA:845,63
DA:847,63
DA:848,63
DA:849,63
DA:850,63
DA:854,63
DA:855,1
DA:856,1
DA:860,62
DA:861,62
DA:862,0
DA:863,0
DA:865,62
DA:866,62
DA:867,62
DA:868,62
DA:871,62
DA:872,62
DA:873,1
DA:874,1
DA:875,61
DA:876,1
DA:877,1
DA:881,60
DA:882,3
DA:883,3
DA:887,57
DA:888,57
DA:889,16
DA:890,16
DA:894,41
DA:897,305
DA:898,242
DA:900,63
DA:901,63
LF:435
LH:419
end_of_record
